15 [140123837388672] INFO perfrun.launcher <> - Launcher main begin
17 [140123837388672] INFO perfrun.launcher <> - MessageCatalogInit finished
17 [140123837388672] INFO perfrun.launcher <> - Launcher instance created
17 [140123837388672] INFO perfrun.launcher <> - argc = 7; cmdline = /opt/intel/oneapi/vtune/2021.3.0/bin64/amplxe-runss --ui-output-format xml --ui-output-fd 9 --option-file /home/mirco/Scrivania/Università/Tesi/CodeBase/EfficientConvolution/EfficientConvolution_VTune/r003hs/config/runsa.options 
28 [140123837388672] INFO perfrun.launcher <> - plugin remoteplug has been added successfully
28 [140123837388672] INFO perfrun.launcher <> - plugin system has been added successfully
28 [140123837388672] INFO perfrun.launcher <> - plugin vdso has been added successfully
28 [140123837388672] INFO perfrun.launcher <> - plugin itt has been added successfully
28 [140123837388672] INFO perfrun.launcher <> - plugin ptracecollector has been added successfully
28 [140123837388672] INFO perfrun.launcher <> - plugin gpu has been added successfully
28 [140123837388672] INFO perfrun.launcher <> - plugin  has been added successfully
28 [140123837388672] INFO perfrun.launcher <> - plugin  has been added successfully
28 [140123837388672] INFO perfrun.launcher <> - plugin  has been added successfully
28 [140123837388672] INFO perfrun.launcher <> - plugin mrte has been added successfully
28 [140123837388672] INFO perfrun.launcher <> - plugin emon has been added successfully
28 [140123837388672] INFO perfrun.launcher <> - plugin cuscol has been added successfully
29 [140123837388672] INFO perfrun.launcher <> - plugin stdsrc has been added successfully
29 [140123837388672] INFO perfrun.launcher <> - plugin sep has been added successfully
29 [140123837388672] INFO perfrun.launcher <> - plugin vtsspp has been added successfully
29 [140123837388672] INFO perfrun.launcher <> - plugin perf has been added successfully
29 [140123837388672] INFO perfrun.launcher <> - plugin aoclprofile has been added successfully
29 [140123837388672] INFO perfrun.launcher <> - plugin tpss has been added successfully
29 [140123837388672] INFO perfrun.launcher <> - plugin exprof has been added successfully
29 [140123837388672] INFO perfrun.launcher <> - plugin media has been added successfully
29 [140123837388672] INFO perfrun.launcher <> - plugin ice has been added successfully
29 [140123837388672] INFO perfrun.launcher <> - plugin  has been added successfully
29 [140123837388672] INFO perfrun.launcher <> - plugin  has been added successfully
29 [140123837388672] INFO perfrun.launcher <> - plugin parallelfs has been added successfully
29 [140123837388672] INFO perfrun.launcher <> - plugin power has been added successfully
29 [140123837388672] INFO perfrun.launcher <> - plugin hwloc has been added successfully
29 [140123837388672] INFO perfrun.launcher <> - plugin ipmwatch has been added successfully
29 [140123837388672] INFO perfrun.launcher <> - plugin os_counters has been added successfully
30 [140123837388672] INFO perfrun.launcher <> - the option was added --interval: Specify an interval of data collection (for example, sampling) in milliseconds.
30 [140123837388672] INFO perfrun.launcher <> - the option was added --follow-child: Profile process with or without children.
30 [140123837388672] INFO perfrun.launcher <> - the option was added --gelding: BADMSG: perfrun1.launcher.plugin_manager::gelding
30 [140123837388672] INFO perfrun.launcher <> - the option was added --time-source: Specify time source for measurement. Possible values: sys - wall clock time; tsc - time stamp counter; ext - time from an external source; auto - auto select accurate time source.
30 [140123837388672] INFO perfrun.launcher <> - the option was added --stack: Enable or disable collection of stacks.
30 [140123837388672] INFO perfrun.launcher <> - the option was added --stack-stitching: Enable or disable the stack stitching algorithm for Intel TBB-based applications.
30 [140123837388672] INFO perfrun.launcher <> - the option was added --type: Specify type of data to be collected. For example, --type cpu:counters,waiting:nostack,io.
30 [140123837388672] INFO perfrun.launcher <> - the option was added --mrte-mode: Specify Java/.NET/other managed runtime collection mode. Possible values: native - collect information only for native code; managed - collect information only for managed code; mixed - collect information for both managed and native code; auto - choose the mode based on binary type.
30 [140123837388672] INFO perfrun.launcher <> - the option was added --mrte-mode-list: List supported Java/.NET/other managed runtime collection modes.
30 [140123837388672] INFO perfrun.launcher <> - the option was added --mrte-type: Specify which managed runtimes to collect. Possible values: java - collect information for Java; dotnet - collect information for .NET; python - collect information for CPython. You can specify several values separated by comma.
31 [140123837388672] INFO perfrun.launcher <> - the option was added --mrte-type-list: List supported Java/.NET/other managed runtime types.
31 [140123837388672] INFO perfrun.launcher <> - the option was added --trace-strategy: Specify how to profile a process tree. <string> can be "<process>:trace:notrace" - profile the process but do not profile its children. Shorthand parameters: t - trace, nt - notrace. For example, "vtunedemo.exe:t:t".
31 [140123837388672] INFO perfrun.launcher <> - the option was added --collector: BADMSG: perfrun1.launcher.plugin_manager::collector
31 [140123837388672] INFO perfrun.launcher <> - the option was added --system-wide: Enable system-wide profiling. This mode may require additional permissions.
31 [140123837388672] INFO perfrun.launcher <> - the option was added --kvm-guest: Enable KVM guest OS profiling.
31 [140123837388672] INFO perfrun.launcher <> - the option was added --kvm-guest-kallsyms: Specify a local path to the /proc/kallsyms file copied from the guest OS for proper symbol resolution.
31 [140123837388672] INFO perfrun.launcher <> - the option was added --kvm-guest-modules: Specify a local path to the /proc/modules file copied from the guest OS for proper symbol resolution.
31 [140123837388672] INFO perfrun.launcher <> - the option was added --bandwidth-limits: Measure bandwidth limits
31 [140123837388672] INFO perfrun.launcher <> - the option was added --acrn-map-info: Collect map info for ACRN
31 [140123837388672] INFO perfrun.launcher <> - the option was added --bandwidth-strategy: Bandwidth limits determination specific properties (example: --bandwidth-strategy array-size=0,duration=500).
31 [140123837388672] INFO perfrun.launcher <> - the option was added --bandwidth-config: List of benchmarks to run.
31 [140123837388672] INFO perfrun.launcher <> - the option was added --target-gpu: target-gpu
31 [140123837388672] INFO perfrun.launcher <> - the option was added --dump-vdso: Dump [vdso] to result directory
31 [140123837388672] INFO perfrun.launcher <> - the option was added --system-collector-config: Specify subcollectors. Possible values: all, container, device-info, none. Specify subcollectors. Possible values: all, vdso.
31 [140123837388672] INFO perfrun.launcher <> - the option was added --itt-config: Specify a sub-set of ITT API to collect.
31 [140123837388672] INFO perfrun.launcher <> - the option was added --itt-debug: Set pseudo-breakpoint at ITT API collector's start to enable the debugger to attach early.
31 [140123837388672] INFO perfrun.launcher <> - the option was added --ptrace: Ptrace collector.
31 [140123837388672] INFO perfrun.launcher <> - the option was added --target-pid: BADMSG: perfrun1.ptracecollector::target-pid
31 [140123837388672] INFO perfrun.launcher <> - the option was added --ptrace-server-pid: BADMSG: perfrun1.ptracecollector::ptrace-server-pid
31 [140123837388672] INFO perfrun.launcher <> - the option was added --ptrace-trace: BADMSG: perfrun1.ptracecollector::ptrace-trace
31 [140123837388672] INFO perfrun.launcher <> - the option was added --ptrace-time-source: BADMSG: perfrun1.ptracecollector::ptrace-time-source
31 [140123837388672] INFO perfrun.launcher <> - the option was added --ptrace-start-type: BADMSG: perfrun1.ptracecollector::ptrace-start-type
31 [140123837388672] INFO perfrun.launcher <> - the option was added --gpu-config: Specify types of GPU data to be collected. Possible values: preset1, preset2.
31 [140123837388672] INFO perfrun.launcher <> - the option was added --gpu-counting: Collect GPU data in the counting mode.
31 [140123837388672] INFO perfrun.launcher <> - the option was added --gpu-sampling-interval: Specify counters sampling interval for GPU.
32 [140123837388672] INFO perfrun.launcher <> - the option was added --emon-preset: Specify a preset for EMON collector. For available presets, run: emon -preset-list.
32 [140123837388672] INFO perfrun.launcher <> - the option was added --emon-csv-trace-format: Use CSV format for EMON trace file.
32 [140123837388672] INFO perfrun.launcher <> - the option was added --emon-machine-readable-ver: Write machine readable EMON version file.
32 [140123837388672] INFO perfrun.launcher <> - the option was added --custom-collector: Allows to provide arbitrary command line to be run on collection steps.
32 [140123837388672] INFO perfrun.launcher <> - the option was added --stdsrc-config: Specify Standard Sources category tag(s).
32 [140123837388672] INFO perfrun.launcher <> - the option was added --ftrace-config-list: List Linux Ftrace category tag(s).
32 [140123837388672] INFO perfrun.launcher <> - the option was added --ftrace-config: Specify Linux Ftrace category tag(s).
32 [140123837388672] INFO perfrun.launcher <> - the option was added --ftrace-function-groups: Enable tracing of specific groups of functions.
32 [140123837388672] INFO perfrun.launcher <> - the option was added --event-info: BADMSG: perfrun1.stdsrc::event-info
32 [140123837388672] INFO perfrun.launcher <> - the option was added --cpu-list: List supported CPUs.
32 [140123837388672] INFO perfrun.launcher <> - the option was added --target-list: List available targets for performing sampling collection.
32 [140123837388672] INFO perfrun.launcher <> - the option was added --event-value-list: Display event information.
32 [140123837388672] INFO perfrun.launcher <> - the option was added --platform-value-list: Display details of supported platforms.
32 [140123837388672] INFO perfrun.launcher <> - the option was added --uncore-event-list: List uncore events for which a sampling data collection can be performed on this platform.
32 [140123837388672] INFO perfrun.launcher <> - the option was added --modifier-list: Specify the event name <string> for which the modifiers list is requested.
32 [140123837388672] INFO perfrun.launcher <> - the option was added --pmu-list: List supported PMUs.
32 [140123837388672] INFO perfrun.launcher <> - the option was added --os-mode-only: Enable sampling data collection for OS-mode processes only.
32 [140123837388672] INFO perfrun.launcher <> - the option was added --user-mode-only: Enable sampling data collection for user-mode processes only.
32 [140123837388672] INFO perfrun.launcher <> - the option was added --event-config: Perform data collection for the events with <string> configured using the format <event name1>":modifier1=val:modifier2=val/constraint1={:modifier3=val:modifier4=val}...,"<event name2>":... Specify the events(s) to monitor and embed the event names within double quotes("). [:modifier=val] specifies individual event modifiers along with the respective values for a given platform. Note that the modifiers can be generic to an event as well as specific to a constraint (or an event qualifier). The constraint specific special modifiers appear after [/constraint=]. The modifiers can be in decimal or hexadecimal format. Only specific modifiers accept the value as a string. Each event specification is delimited by a comma (,). For a list of supported modifiers and constraints, refer to the documentation.
32 [140123837388672] INFO perfrun.launcher <> - the option was added --chipset-event-config: Perform data collection for the chipset events with <string> configured using the format "<event name1>"...,"<event name2>":... Specify the events(s) to monitor and embed the event names within double quotes(").
32 [140123837388672] INFO perfrun.launcher <> - the option was added --uncore-event-config: Perform uncore data collection in ebc count mode for the events with <string> configured using the format "<event name1>"...,"<event name2>":... Specify the events(s) to monitor and embed the event names within double quotes(").
32 [140123837388672] INFO perfrun.launcher <> - the option was added --count-emon: Enable counting mode and output the data in EMON format.
32 [140123837388672] INFO perfrun.launcher <> - the option was added --event-based-counts: Enable event-based counting mode. During sampling data collection, event counts data is collected for the list of events specified in -event-config option.
32 [140123837388672] INFO perfrun.launcher <> - the option was added --event-mux-tfactor: Specify the event multiplexing tfactor as <integer> to set the length of the interval between interrupts. The larger the tfactor value, the larger the period between interrupts. Currently this option is only available on Intel platforms codenamed Knights Corner.
32 [140123837388672] INFO perfrun.launcher <> - the option was added --full-pebs-capture: Capture full pebs information.
32 [140123837388672] INFO perfrun.launcher <> - the option was added --last-branch-records: Capture Last Branch Records information.
33 [140123837388672] INFO perfrun.launcher <> - the option was added --pmu-type: Specify the targeted PMU name as <string>.
33 [140123837388672] INFO perfrun.launcher <> - the option was added --platform-type: Specify the targeted platform number as <number>.
33 [140123837388672] INFO perfrun.launcher <> - the option was added --p-state-trigger: Specify the name of the trigger event for P-state data as <string>. The default trigger is CPU_CLK_UNHALTED.REF_TSC.
33 [140123837388672] INFO perfrun.launcher <> - the option was added --rdt-auto-rmid: Enable automatic Core pinning on RMIDs for RDT monitoring capabilities.
33 [140123837388672] INFO perfrun.launcher <> - the option was added --bts-count: Specify the <integer> number of BTS records collected after each sample or context switch (VTSS++ only).
33 [140123837388672] INFO perfrun.launcher <> - the option was added --cpu-mask: Specify which CPU(s) <string> to collect data on. For example, specify "2-8,10,12-14" to sample only CPUs 2 through 8, 10, and 12 through 14.
33 [140123837388672] INFO perfrun.launcher <> - the option was added --event-mux-alg: Specify the event multiplexing algorithm. Possible values: sequence, timer, trigger.
33 [140123837388672] INFO perfrun.launcher <> - the option was added --event-mux-timeslice: Specify the event multiplexing time slice value as <integer>. The time slice specifies the duration between cycles for each event multiplexing group. The default value is 50 milliseconds. This option is valid only for timer-based event multiplexing. Specify the event multiplexing time slice value as <integer>. The time slice specifies the duration between cycles for each event multiplexing group. The default value is 1 millisecond. This option is valid only for timer-based event multiplexing.
33 [140123837388672] INFO perfrun.launcher <> - the option was added --event-mux-factor: Specify the event multiplexing factor as <integer>. It controls the switching of event multiplexing groups. The default factor is 50. This option is valid only for trigger-based event multiplexing. Specify the event multiplexing factor as <integer>. It controls the switching of event multiplexing groups. The default factor is 1. This option is valid only for trigger-based event multiplexing.
33 [140123837388672] INFO perfrun.launcher <> - the option was added --event-mux-trigger: Specify the name of the trigger event for event multiplexing as <string>. This option is valid only for trigger-based event multiplexing. The default trigger is CPU_CLK_UNHALTED.CORE (or CPU_CLK_UNHALTED.THREAD). BADMSG: perfrun1.vtsspp::event-mux-trigger
33 [140123837388672] INFO perfrun.launcher <> - the option was added --pwr-config: BADMSG: perfrun1.vtsspp::pwr-config
33 [140123837388672] INFO perfrun.launcher <> - the option was added --pt-mode: BADMSG: perfrun1.vtsspp::pt-mode
33 [140123837388672] INFO perfrun.launcher <> - the option was added --sample-after-multiplier: Specify the sample after multiplier as <double>. This multiplier modifies the sample after value for all the events specified in -event-config option. The values can range from 0.1 to 100.0. SAV multiplier value
33 [140123837388672] INFO perfrun.launcher <> - the option was added --uncore-sampling-interval: Specify the uncore sampling interval as <integer>. This value set the uncore sampling interval for all the uncore events specified in -event-config option.
33 [140123837388672] INFO perfrun.launcher <> - the option was added --count: Enable counting mode. Enable counting mode
33 [140123837388672] INFO perfrun.launcher <> - the option was added --trace-mpi: Configure collector to trace MPI code.
33 [140123837388672] INFO perfrun.launcher <> - the option was added --aggregated-counting: Enable aggregated counting mode. Enable aggregated-counting mode
33 [140123837388672] INFO perfrun.launcher <> - the option was added --perf-per-cpu: System-wide collection from all CPUs
33 [140123837388672] INFO perfrun.launcher <> - the option was added --raw-perf-config: Specify a verified configuration for the Perf collector in the format: <describer>,<content>. For example: map-events-file,<path_to_map_events_file>.
33 [140123837388672] INFO perfrun.launcher <> - the option was added --sys-config: BADMSG: perfrun1.vtsspp::sys-config Specify types of system data to be collected. Supported value: cswitch - collect context switch information.
33 [140123837388672] INFO perfrun.launcher <> - the option was added --perf-event-config: Specify events for Perf collector in Perf format. For example: perf-event-config=cpu-clock.
33 [140123837388672] INFO perfrun.launcher <> - the option was added --perf-aio: Number of control blocks in asynchronous trace writing mode.
33 [140123837388672] INFO perfrun.launcher <> - the option was added --perf-compression: Specify compression of Perf collector output data. Possible levels: 0 - without compression, 1..3 - best speed, 4..22 - best compression that incurs big overhead.
33 [140123837388672] INFO perfrun.launcher <> - the option was added --perf-mmap-flush: Minimum data size read from the kernel mapped region.
34 [140123837388672] INFO perfrun.launcher <> - the option was added --perf-affinity: Adjust an affinity mask of the Perf thread to a node with an allocated memory trace buffer.
34 [140123837388672] INFO perfrun.launcher <> - the option was added --perf-threads: Setup threading mode for trace writing.
34 [140123837388672] INFO perfrun.launcher <> - the option was added --generate-platform-cmd: Get perf command line for an arbitrary target.
34 [140123837388672] INFO perfrun.launcher <> - the option was added --aocl-profile: Enable profiling and data collection through AOCL profiling tool.
34 [140123837388672] INFO perfrun.launcher <> - the option was added --aocl-source-file: Path to .source file. Find this in the compilation output directory of the FPGA application. Use this option to help attribute performance statistics to the source lines. If unspecified, AOCL profiler will attempt to locate the file in the current directory.
34 [140123837388672] INFO perfrun.launcher <> - the option was added --aocl-binary-aocx-file: Path to .aocx file (OpenCL flow) or host binary (DPC++ flow). If you do not provide this path: 1) For OpenCL flow, AOCL Profiler attempts to locate the file in the working directory. 2) For DPC++ flow, the collector assumes that host binary is used as an application to launch.
34 [140123837388672] INFO perfrun.launcher <> - the option was added --aocl-period: Specifies the number of cycles between readbacks from the device. The default value is 0 and indicates that the profiler should read back data as often as possible.
34 [140123837388672] INFO perfrun.launcher <> - the option was added --aocl-no-temporal: Disables readback during execution and only reads back non-autorun kernels once they finish executing.
34 [140123837388672] INFO perfrun.launcher <> - the option was added --aocl-no-mem-transfers: Disables the recording of memory transfer information.
34 [140123837388672] INFO perfrun.launcher <> - the option was added --stackwalk: Specify stack unwinding method. Possible values: online - unwind stacks during collection; offline - unwind stacks after collection is finished. Specify stack unwinding method. Possible value: lbr - unwind stacks during collection. Specify stack unwinding method. Possible values: online - unwind stacks during collection; offline - unwind stacks after collection is finished; lbr - enable LBR-based call stack collection. Specify stack unwinding method. Possible values: online - unwind stacks during collection; offline - unwind stacks after collection is finished. Specify stack unwinding method. Possible values: online - unwind stacks during collection; offline - unwind stacks after collection is finished.
34 [140123837388672] INFO perfrun.launcher <> - the option was added --filter-include: Filter data during collection. Possible values: contended=<on|off> - filter out uncontended events; contended_nostack=<time> - filter out stacks for contended events that take less than <time> microseconds; wait=<time> - ignore transitions and blocks with wait time less than <time> microseconds; wait_nostack=<time> - filter out stacks for waits that take less than <time> microseconds.
34 [140123837388672] INFO perfrun.launcher <> - the option was added --debug-pin: Debug PIN tool and runtime.
34 [140123837388672] INFO perfrun.launcher <> - the option was added --debug-exception: Disallow the application to set own abnormal termination handler.
34 [140123837388672] INFO perfrun.launcher <> - the option was added --trace-type: Specify the trace file granularity. Possible values: per-thread - per-thread trace file generation; per-process - per-process trace file generation.
34 [140123837388672] INFO perfrun.launcher <> - the option was added --instrumentation-type: Specify type of instrumentation.
34 [140123837388672] INFO perfrun.launcher <> - the option was added --altstack: Enable or disable usage of altstacks for profiling signal handlers.
34 [140123837388672] INFO perfrun.launcher <> - the option was added --profiling-signal: BADMSG: perfrun1.ptracecollector::profiling-signal Alternate profiling signal.
34 [140123837388672] INFO perfrun.launcher <> - the option was added --memory-strategy: Specify a minimal memory object size to be traced and a hash table size for faster objects search; for example: --memory-strategy obj-size-min=1024,hash-table-size=4096.
34 [140123837388672] INFO perfrun.launcher <> - the option was added --gpu-profiling-type: Specify a type of deep GPU profiling: none, bblatency, memlatency, instcount.
34 [140123837388672] INFO perfrun.launcher <> - the option was added --opencl-trace-mode: Specify OpenCL kernel tracing modes: 'default' to trace OpenCL kernels for Intel Graphics Driver only; 'epoch' for any non-Intel graphics, where OpenCL kernels will be traced and OpenCL profiling API timestamps will be interpreted as Unux Epoch time in nanoseconds; 'completion' to trace OpenCL kernels for any Graphics Driver and bind OpenCL profiling API timestamps to the timestamp of OpenCL completion callback.
34 [140123837388672] INFO perfrun.launcher <> - the option was added --gpu-kernels-to-profile: Specify a comma-separated list of GPU kernel names and invocations to be profiled in the following format: kernel_name[#start_idx#step#stop_idx], where kernel_name is the name of GPU kernel; start_idx is the number of the first invocation; and stop_idx is the number of the last invocation to be profiled.
35 [140123837388672] INFO perfrun.launcher <> - the option was added --exprof-com-list: List available COM ports.
35 [140123837388672] INFO perfrun.launcher <> - the option was added --exprof-dvc-list: List available DvC IDs.
35 [140123837388672] INFO perfrun.launcher <> - the option was added --exprof-trace-channel: BADMSG: perfrun1.exprof::exprof-trace-channel
35 [140123837388672] INFO perfrun.launcher <> - the option was added --exprof-event-config: Specify ExactProfiling Event Classes.
35 [140123837388672] INFO perfrun.launcher <> - the option was added --ice-pmons-list: BADMSG: perfrun1.ice::ice-pmons-list
35 [140123837388672] INFO perfrun.launcher <> - the option was added --ice-pmons-config: BADMSG: perfrun1.ice::ice-pmons-config
35 [140123837388672] INFO perfrun.launcher <> - the option was added --ice-sw-trace: Collect software traces of the Intel Neural Network Processor (NNP-I) and analyze software context of inference progress.
35 [140123837388672] INFO perfrun.launcher <> - the option was added --ice-sample-after-value: BADMSG: perfrun1.ice::ice-sample-after-value
35 [140123837388672] INFO perfrun.launcher <> - the option was added --ice-frequency: BADMSG: perfrun1.ice::ice-frequency
35 [140123837388672] INFO perfrun.launcher <> - the option was added --parallel-fs-config: Specify parallel fs counters to collect.
35 [140123837388672] INFO perfrun.launcher <> - the option was added --power-config: Specify power metrics configuration.
35 [140123837388672] INFO perfrun.launcher <> - the option was added --pwr-sampling-interval: Specify Intel SoC Watch sampling interval.
35 [140123837388672] INFO perfrun.launcher <> - the option was added --collect-topology: Collect topology info with hwloc.
35 [140123837388672] INFO perfrun.launcher <> - the option was added --persistent-mem-metrics: Collect Persistent Memory performance counters.
35 [140123837388672] INFO perfrun.launcher <> - the option was added --os-counters: Collect OS counters
39 [140123837388672] INFO perfrun.launcher <> - create msngr2::ICliToolContext
39 [140123837388672] INFO perfrun.launcher <> - create file finder object
39 [140123837388672] INFO perfrun.launcher <> - create a result directory: pattern = /home/mirco/Scrivania/Università/Tesi/CodeBase/EfficientConvolution/EfficientConvolution_VTune/r003hs pid = 4294967295
42 [140123837388672] INFO perfrun.sdk <> - checked that the directory /home/mirco/Scrivania/Università/Tesi/CodeBase/EfficientConvolution/EfficientConvolution_VTune/r003hs is a local directory
42 [140123837388672] INFO perfrun.sdk <> - the directory /home/mirco/Scrivania/Università/Tesi/CodeBase/EfficientConvolution/EfficientConvolution_VTune/r003hs is a local directory with FS type ID 61267
42 [140123837388672] INFO perfrun.launcher <> - create data directory = /home/mirco/Scrivania/Università/Tesi/CodeBase/EfficientConvolution/EfficientConvolution_VTune/r003hs/data.0
42 [140123837388672] INFO perfrun.launcher <> - Creating the master collection flag
44 [140123837388672] INFO perfrun.launcher <> - Done creating the master collection flag
46 [140123706414848] INFO perfrun.launcher <> - plugin [remoteplug] was disabled because it doesn't support the given collection type.
46 [140123706414848] INFO perfrun.sdk <> - Allocating TMU :/home/mirco/Scrivania/Università/Tesi/CodeBase/EfficientConvolution/EfficientConvolution_VTune/r003hs/data.0/systemcollector-18393-mirco-pc.sc
47 [140123706414848] INFO perfrun.launcher <> - plugin [ptracecollector] was disabled because it doesn't support the given collection type.
47 [140123706414848] INFO perfrun.launcher <> - plugin [gpu] was disabled because it doesn't support the given collection type.
47 [140123706414848] INFO perfrun.launcher <> - plugin [] was disabled because it doesn't support the given collection type.
47 [140123706414848] INFO perfrun.launcher <> - plugin [] was disabled because it doesn't support the given collection type.
47 [140123706414848] INFO perfrun.launcher <> - plugin [] was disabled because it doesn't support the given collection type.
47 [140123706414848] INFO perfrun.mrte <> - system-wide mode is 0
47 [140123706414848] INFO perfrun.mrte <> - Getting  mrte profiling environment ...
72 [140123706414848] INFO perfrun.mrte <> - INTEL_MRTE_DATA_DIR=/home/mirco/Scrivania/Università/Tesi/CodeBase/EfficientConvolution/EfficientConvolution_VTune/r003hs/data.0
72 [140123706414848] INFO perfrun.mrte <> - INTEL_MRTE_HOST_NAME=mirco-pc
72 [140123706414848] INFO perfrun.mrte <> - JAVA_TOOL_OPTIONS=-agentlib:amplxe_samplingmrte_javaprof_1.0 -Dsun.boot.library.path=/opt/intel/oneapi/vtune/2021.3.0/lib32/runtime:/opt/intel/oneapi/vtune/2021.3.0/lib64/runtime
72 [140123706414848] INFO perfrun.mrte <> - CORECLR_ENABLE_PROFILING=1
72 [140123706414848] INFO perfrun.mrte <> - CORECLR_PROFILER={AA5E4821-E3B1-479c-B7FF-5AD047D22CED}
72 [140123706414848] INFO perfrun.mrte <> - CORECLR_PROFILER_PATH=/opt/intel/oneapi/vtune/2021.3.0/lib64/libamplxe_samplingmrte_clrprof_1.0.so
72 [140123706414848] INFO perfrun.mrte <> - INTEL_MRTE_PROFILER_MODE=mixed
72 [140123706414848] INFO perfrun.mrte <> - Data directory: /home/mirco/Scrivania/Università/Tesi/CodeBase/EfficientConvolution/EfficientConvolution_VTune/r003hs/data.0
72 [140123706414848] INFO perfrun.mrte <> - Mrte plugin is initialized
72 [140123706414848] INFO perfrun.launcher <> - plugin [emon] was disabled because it doesn't support the given collection type.
72 [140123706414848] INFO perfrun.launcher <> - plugin [cuscol] was disabled because it doesn't support the given collection type.
72 [140123706414848] INFO perfrun.launcher <> - plugin [stdsrc] was disabled because it doesn't support the given collection type.
72 [140123706414848] INFO perfrun.launcher <> - plugin [sep] was disabled because it doesn't support the given collection type.
72 [140123706414848] INFO perfrun.launcher <> - plugin [vtsspp] was disabled because it doesn't support the given collection type.
73 [140123706414848] INFO perfrun.sdk <> - Reading value (1) from file: /proc/sys/kernel/perf_event_paranoid
73 [140123706414848] INFO perfrun.perfcollector <> - checking access to: /opt/intel/oneapi/vtune/2021.3.0/bin64/amplxe-perf-priv
74 [140123706414848] INFO perfrun.perfcollector <> - cpu: family = 6 model = 142
74 [140123706414848] INFO perfrun.perfcollector <> - dir found : /sys/bus/event_source/devices/software
74 [140123706414848] WARN perfrun.perfcollector <> - format subdir doesn't exist, at file: vcs/perfrun1/plugins/perfcollector/src/controller.cpp:726
74 [140123706414848] WARN perfrun.perfcollector <> - pmu hwInfo is not set; pmuFam : software, at file: vcs/perfrun1/plugins/perfcollector/src/controller.cpp:825
74 [140123706414848] INFO perfrun.perfcollector <> - pmu added : family : software , id : 0
74 [140123706414848] INFO perfrun.perfcollector <> - dir found : /sys/bus/event_source/devices/power
74 [140123706414848] INFO perfrun.perfcollector <> - format: event config:0-7 mask:0-7
74 [140123706414848] WARN perfrun.perfcollector <> - pmu hwInfo is not set; pmuFam : power, at file: vcs/perfrun1/plugins/perfcollector/src/controller.cpp:825
74 [140123706414848] INFO perfrun.perfcollector <> - pmu added : family : power , id : 0
74 [140123706414848] INFO perfrun.perfcollector <> - dir found : /sys/bus/event_source/devices/uprobe
74 [140123706414848] INFO perfrun.perfcollector <> - format: ref_ctr_offset config:32-63 mask:32-63
74 [140123706414848] INFO perfrun.perfcollector <> - format: retprobe config:0 mask:0
75 [140123706414848] WARN perfrun.perfcollector <> - pmu hwInfo is not set; pmuFam : uprobe, at file: vcs/perfrun1/plugins/perfcollector/src/controller.cpp:825
75 [140123706414848] INFO perfrun.perfcollector <> - pmu added : family : uprobe , id : 0
75 [140123706414848] INFO perfrun.perfcollector <> - dir found : /sys/bus/event_source/devices/intel_bts
75 [140123706414848] WARN perfrun.perfcollector <> - format subdir doesn't exist, at file: vcs/perfrun1/plugins/perfcollector/src/controller.cpp:726
75 [140123706414848] WARN perfrun.perfcollector <> - pmu hwInfo is not set; pmuFam : intel_bts, at file: vcs/perfrun1/plugins/perfcollector/src/controller.cpp:825
75 [140123706414848] INFO perfrun.perfcollector <> - pmu added : family : intel_bts , id : 0
75 [140123706414848] INFO perfrun.perfcollector <> - dir found : /sys/bus/event_source/devices/cpu
75 [140123706414848] INFO perfrun.perfcollector <> - format: event config:0-7 mask:0-7
75 [140123706414848] INFO perfrun.perfcollector <> - format: pc config:19 mask:19
75 [140123706414848] INFO perfrun.perfcollector <> - format: edge config:18 mask:18
75 [140123706414848] INFO perfrun.perfcollector <> - format: any config:21 mask:21
75 [140123706414848] INFO perfrun.perfcollector <> - format: offcore_rsp config1:0-63 mask:0-63
75 [140123706414848] INFO perfrun.perfcollector <> - format: ldlat config1:0-15 mask:0-15
75 [140123706414848] INFO perfrun.perfcollector <> - format: inv config:23 mask:23
75 [140123706414848] INFO perfrun.perfcollector <> - format: umask config:8-15 mask:8-15
75 [140123706414848] INFO perfrun.perfcollector <> - format: frontend config1:0-23 mask:0-23
75 [140123706414848] INFO perfrun.perfcollector <> - format: cmask config:24-31 mask:24-31
75 [140123706414848] INFO perfrun.perfcollector <> - hwInfo : PERF_CPU_PMU_DETAILS
75 [140123706414848] INFO perfrun.perfcollector <> - pmu added : family : cpu , id : 0
75 [140123706414848] INFO perfrun.perfcollector <> - dir found : /sys/bus/event_source/devices/cstate_core
75 [140123706414848] INFO perfrun.perfcollector <> - format: event config:0-63 mask:0-63
75 [140123706414848] WARN perfrun.perfcollector <> - pmu hwInfo is not set; pmuFam : cstate_core, at file: vcs/perfrun1/plugins/perfcollector/src/controller.cpp:825
75 [140123706414848] INFO perfrun.perfcollector <> - pmu added : family : cstate_core , id : 0
75 [140123706414848] INFO perfrun.perfcollector <> - dir found : /sys/bus/event_source/devices/uncore_cbox_2
75 [140123706414848] INFO perfrun.perfcollector <> - format: event config:0-7 mask:0-7
75 [140123706414848] INFO perfrun.perfcollector <> - format: edge config:18 mask:18
75 [140123706414848] INFO perfrun.perfcollector <> - format: inv config:23 mask:23
76 [140123706414848] INFO perfrun.perfcollector <> - format: umask config:8-15 mask:8-15
76 [140123706414848] INFO perfrun.perfcollector <> - format: cmask config:24-28 mask:24-28
76 [140123706414848] INFO perfrun.perfcollector <> - hwInfo : PERF_CBOX_PMU_DETAILS
76 [140123706414848] INFO perfrun.perfcollector <> - pmu added : family : uncore_cbox , id : 2
76 [140123706414848] INFO perfrun.perfcollector <> - dir found : /sys/bus/event_source/devices/breakpoint
76 [140123706414848] WARN perfrun.perfcollector <> - format subdir doesn't exist, at file: vcs/perfrun1/plugins/perfcollector/src/controller.cpp:726
76 [140123706414848] WARN perfrun.perfcollector <> - pmu hwInfo is not set; pmuFam : breakpoint, at file: vcs/perfrun1/plugins/perfcollector/src/controller.cpp:825
76 [140123706414848] INFO perfrun.perfcollector <> - pmu added : family : breakpoint , id : 0
76 [140123706414848] INFO perfrun.perfcollector <> - dir found : /sys/bus/event_source/devices/uncore_cbox_0
76 [140123706414848] INFO perfrun.perfcollector <> - format: event config:0-7 mask:0-7
76 [140123706414848] INFO perfrun.perfcollector <> - format: edge config:18 mask:18
76 [140123706414848] INFO perfrun.perfcollector <> - format: inv config:23 mask:23
76 [140123706414848] INFO perfrun.perfcollector <> - format: umask config:8-15 mask:8-15
76 [140123706414848] INFO perfrun.perfcollector <> - format: cmask config:24-28 mask:24-28
76 [140123706414848] INFO perfrun.perfcollector <> - hwInfo : PERF_CBOX_PMU_DETAILS
76 [140123706414848] INFO perfrun.perfcollector <> - pmu added : family : uncore_cbox , id : 0
76 [140123706414848] INFO perfrun.perfcollector <> - dir found : /sys/bus/event_source/devices/tracepoint
76 [140123706414848] WARN perfrun.perfcollector <> - format subdir doesn't exist, at file: vcs/perfrun1/plugins/perfcollector/src/controller.cpp:726
76 [140123706414848] WARN perfrun.perfcollector <> - pmu hwInfo is not set; pmuFam : tracepoint, at file: vcs/perfrun1/plugins/perfcollector/src/controller.cpp:825
76 [140123706414848] INFO perfrun.perfcollector <> - pmu added : family : tracepoint , id : 0
76 [140123706414848] INFO perfrun.perfcollector <> - dir found : /sys/bus/event_source/devices/cstate_pkg
76 [140123706414848] INFO perfrun.perfcollector <> - format: event config:0-63 mask:0-63
76 [140123706414848] WARN perfrun.perfcollector <> - pmu hwInfo is not set; pmuFam : cstate_pkg, at file: vcs/perfrun1/plugins/perfcollector/src/controller.cpp:825
76 [140123706414848] INFO perfrun.perfcollector <> - pmu added : family : cstate_pkg , id : 0
76 [140123706414848] INFO perfrun.perfcollector <> - dir found : /sys/bus/event_source/devices/uncore_arb
76 [140123706414848] INFO perfrun.perfcollector <> - format: event config:0-7 mask:0-7
76 [140123706414848] INFO perfrun.perfcollector <> - format: edge config:18 mask:18
76 [140123706414848] INFO perfrun.perfcollector <> - format: inv config:23 mask:23
76 [140123706414848] INFO perfrun.perfcollector <> - format: umask config:8-15 mask:8-15
76 [140123706414848] INFO perfrun.perfcollector <> - format: cmask config:24-28 mask:24-28
76 [140123706414848] WARN perfrun.perfcollector <> - pmu hwInfo is not set; pmuFam : uncore_arb, at file: vcs/perfrun1/plugins/perfcollector/src/controller.cpp:825
76 [140123706414848] INFO perfrun.perfcollector <> - pmu added : family : uncore_arb , id : 0
77 [140123706414848] INFO perfrun.perfcollector <> - dir found : /sys/bus/event_source/devices/kprobe
77 [140123706414848] INFO perfrun.perfcollector <> - format: retprobe config:0 mask:0
77 [140123706414848] WARN perfrun.perfcollector <> - pmu hwInfo is not set; pmuFam : kprobe, at file: vcs/perfrun1/plugins/perfcollector/src/controller.cpp:825
77 [140123706414848] INFO perfrun.perfcollector <> - pmu added : family : kprobe , id : 0
77 [140123706414848] INFO perfrun.perfcollector <> - dir found : /sys/bus/event_source/devices/i915
77 [140123706414848] INFO perfrun.perfcollector <> - format: i915_eventid config:0-20 mask:0-20
77 [140123706414848] WARN perfrun.perfcollector <> - pmu hwInfo is not set; pmuFam : i915, at file: vcs/perfrun1/plugins/perfcollector/src/controller.cpp:825
77 [140123706414848] INFO perfrun.perfcollector <> - pmu added : family : i915 , id : 0
77 [140123706414848] INFO perfrun.perfcollector <> - dir found : /sys/bus/event_source/devices/msr
77 [140123706414848] INFO perfrun.perfcollector <> - format: event config:0-63 mask:0-63
77 [140123706414848] WARN perfrun.perfcollector <> - pmu hwInfo is not set; pmuFam : msr, at file: vcs/perfrun1/plugins/perfcollector/src/controller.cpp:825
77 [140123706414848] INFO perfrun.perfcollector <> - pmu added : family : msr , id : 0
77 [140123706414848] INFO perfrun.perfcollector <> - dir found : /sys/bus/event_source/devices/uncore_cbox_3
77 [140123706414848] INFO perfrun.perfcollector <> - format: event config:0-7 mask:0-7
77 [140123706414848] INFO perfrun.perfcollector <> - format: edge config:18 mask:18
77 [140123706414848] INFO perfrun.perfcollector <> - format: inv config:23 mask:23
77 [140123706414848] INFO perfrun.perfcollector <> - format: umask config:8-15 mask:8-15
77 [140123706414848] INFO perfrun.perfcollector <> - format: cmask config:24-28 mask:24-28
77 [140123706414848] INFO perfrun.perfcollector <> - hwInfo : PERF_CBOX_PMU_DETAILS
77 [140123706414848] INFO perfrun.perfcollector <> - pmu added : family : uncore_cbox , id : 3
77 [140123706414848] INFO perfrun.perfcollector <> - dir found : /sys/bus/event_source/devices/intel_pt
77 [140123706414848] INFO perfrun.perfcollector <> - format: ptw config:12 mask:12
77 [140123706414848] INFO perfrun.perfcollector <> - format: cyc_thresh config:19-22 mask:19-22
77 [140123706414848] INFO perfrun.perfcollector <> - format: pt config:0 mask:0
77 [140123706414848] INFO perfrun.perfcollector <> - format: branch config:13 mask:13
77 [140123706414848] INFO perfrun.perfcollector <> - format: tsc config:10 mask:10
77 [140123706414848] INFO perfrun.perfcollector <> - format: pwr_evt config:4 mask:4
78 [140123706414848] INFO perfrun.perfcollector <> - format: fup_on_ptw config:5 mask:5
78 [140123706414848] INFO perfrun.perfcollector <> - format: cyc config:1 mask:1
78 [140123706414848] INFO perfrun.perfcollector <> - format: noretcomp config:11 mask:11
78 [140123706414848] INFO perfrun.perfcollector <> - format: mtc config:9 mask:9
78 [140123706414848] INFO perfrun.perfcollector <> - format: psb_period config:24-27 mask:24-27
78 [140123706414848] INFO perfrun.perfcollector <> - format: mtc_period config:14-17 mask:14-17
78 [140123706414848] WARN perfrun.perfcollector <> - pmu hwInfo is not set; pmuFam : intel_pt, at file: vcs/perfrun1/plugins/perfcollector/src/controller.cpp:825
78 [140123706414848] INFO perfrun.perfcollector <> - pmu added : family : intel_pt , id : 0
78 [140123706414848] INFO perfrun.perfcollector <> - dir found : /sys/bus/event_source/devices/uncore_cbox_1
78 [140123706414848] INFO perfrun.perfcollector <> - format: event config:0-7 mask:0-7
78 [140123706414848] INFO perfrun.perfcollector <> - format: edge config:18 mask:18
78 [140123706414848] INFO perfrun.perfcollector <> - format: inv config:23 mask:23
78 [140123706414848] INFO perfrun.perfcollector <> - format: umask config:8-15 mask:8-15
78 [140123706414848] INFO perfrun.perfcollector <> - format: cmask config:24-28 mask:24-28
78 [140123706414848] INFO perfrun.perfcollector <> - hwInfo : PERF_CBOX_PMU_DETAILS
78 [140123706414848] INFO perfrun.perfcollector <> - pmu added : family : uncore_cbox , id : 1
78 [140123706414848] INFO perfrun.perfcollector <> - AIO blocks = 0
78 [140123706414848] INFO perfrun.perfcollector <> - compression level = 1
78 [140123706414848] INFO perfrun.perfcollector <> - Perf threads mode = CPU
78 [140123706414848] INFO perfrun.perfcollector <> - No MPI detected-1
79 [140123706414848] WARN perfrun.launcher <> - Messenger::say: To profile kernel modules during the session, make sure they are available in the /lib/modules/kernel_version/ location.
79 [140123706414848] INFO perfrun.sdk <> - runCmd: "/opt/intel/oneapi/vtune/2021.3.0/bin64/sep" -dry-run -sam 0.01 -ec "CPU_CLK_UNHALTED.THREAD:sa=1800000,CPU_CLK_UNHALTED.REF_TSC:sample:sa=1800000,INST_RETIRED.ANY:sample:sa=1800000,CPU_CLK_UNHALTED.REF_XCLK:sa=100003,CPU_CLK_UNHALTED.ONE_THREAD_ACTIVE:sa=100003,UOPS_RETIRED.RETIRE_SLOTS:sample:sa=2000003,FP_ARITH_INST_RETIRED.SCALAR_SINGLE:sa=2000003,FP_ARITH_INST_RETIRED.128B_PACKED_SINGLE:sa=2000003,FP_ARITH_INST_RETIRED.256B_PACKED_SINGLE:sa=2000003,FP_ARITH_INST_RETIRED.SCALAR_DOUBLE:sa=2000003,FP_ARITH_INST_RETIRED.128B_PACKED_DOUBLE:sa=2000003,FP_ARITH_INST_RETIRED.256B_PACKED_DOUBLE:sa=2000003,UOPS_EXECUTED.X87:sa=2000003,UOPS_EXECUTED.THREAD:sa=2000003" -experimental
96 [140123706414848] INFO perfrun.perfcollector <> - SepDryRun RC = true
96 [140123706414848] INFO perfrun.perfcollector <> - DRY_RUN : "Warning: sav for event CPU_CLK_UNHALTED.THREAD is too low, value reset to 100000"
96 [140123706414848] INFO perfrun.perfcollector <> - DRY_RUN : "Warning: sav for event CPU_CLK_UNHALTED.REF_TSC is too low, value reset to 100000"
96 [140123706414848] INFO perfrun.perfcollector <> - DRY_RUN : "Warning: sav for event INST_RETIRED.ANY is too low, value reset to 100000"
96 [140123706414848] INFO perfrun.perfcollector <> - DRY_RUN : "Warning: sav for event CPU_CLK_UNHALTED.REF_XCLK is too low, value reset to 1250"
96 [140123706414848] INFO perfrun.perfcollector <> - DRY_RUN : "Warning: sav for event CPU_CLK_UNHALTED.ONE_THREAD_ACTIVE is too low, value reset to 1250"
96 [140123706414848] INFO perfrun.perfcollector <> - DRY_RUN : "Warning: sav for event CPU_CLK_UNHALTED.THREAD is too low, value reset to 100000"
96 [140123706414848] INFO perfrun.perfcollector <> - DRY_RUN : "Warning: sav for event CPU_CLK_UNHALTED.REF_TSC is too low, value reset to 100000"
96 [140123706414848] INFO perfrun.perfcollector <> - DRY_RUN : "Warning: sav for event INST_RETIRED.ANY is too low, value reset to 100000"
96 [140123706414848] INFO perfrun.perfcollector <> - DRY_RUN : "Warning: sav for event CPU_CLK_UNHALTED.THREAD is too low, value reset to 100000"
96 [140123706414848] INFO perfrun.perfcollector <> - DRY_RUN : "Warning: sav for event CPU_CLK_UNHALTED.REF_TSC is too low, value reset to 100000"
96 [140123706414848] INFO perfrun.perfcollector <> - DRY_RUN : "Warning: sav for event INST_RETIRED.ANY is too low, value reset to 100000"
96 [140123706414848] INFO perfrun.perfcollector <> - DRY_RUN : "PMU type: Core (core)"
98 [140123706414848] INFO perfrun.perfcollector <> - pmu type : cpu
98 [140123706414848] INFO perfrun.perfcollector <> - DRY_RUN : "Group 0:"
98 [140123706414848] INFO perfrun.perfcollector <> - id : 0
98 [140123706414848] INFO perfrun.perfcollector <> - DRY_RUN : "INST_RETIRED.ANY: event id 2"
98 [140123706414848] INFO perfrun.perfcollector <> - eventName : INST_RETIRED.ANY , eventId : 2
98 [140123706414848] INFO perfrun.perfcollector <> - DRY_RUN : "CPU_CLK_UNHALTED.THREAD: event id 0"
98 [140123706414848] INFO perfrun.perfcollector <> - eventName : CPU_CLK_UNHALTED.THREAD , eventId : 0
98 [140123706414848] INFO perfrun.perfcollector <> - DRY_RUN : "CPU_CLK_UNHALTED.REF_TSC: event id 1"
98 [140123706414848] INFO perfrun.perfcollector <> - eventName : CPU_CLK_UNHALTED.REF_TSC , eventId : 1
98 [140123706414848] INFO perfrun.perfcollector <> - DRY_RUN : "CPU_CLK_UNHALTED.REF_XCLK: event id 3"
98 [140123706414848] INFO perfrun.perfcollector <> - eventName : CPU_CLK_UNHALTED.REF_XCLK , eventId : 3
98 [140123706414848] INFO perfrun.perfcollector <> - DRY_RUN : "CPU_CLK_UNHALTED.ONE_THREAD_ACTIVE: event id 4"
98 [140123706414848] INFO perfrun.perfcollector <> - eventName : CPU_CLK_UNHALTED.ONE_THREAD_ACTIVE , eventId : 4
98 [140123706414848] INFO perfrun.perfcollector <> - DRY_RUN : "UOPS_RETIRED.RETIRE_SLOTS: event id 5"
98 [140123706414848] INFO perfrun.perfcollector <> - eventName : UOPS_RETIRED.RETIRE_SLOTS , eventId : 5
98 [140123706414848] INFO perfrun.perfcollector <> - DRY_RUN : "FP_ARITH_INST_RETIRED.SCALAR_SINGLE: event id 6"
98 [140123706414848] INFO perfrun.perfcollector <> - eventName : FP_ARITH_INST_RETIRED.SCALAR_SINGLE , eventId : 6
98 [140123706414848] INFO perfrun.perfcollector <> - DRY_RUN : "CCCR"
98 [140123706414848] INFO perfrun.perfcollector <> - DRY_RUN : "reg_type       = 1	event_id       = g	reg_id         = 38f	reg_value      = 70000000f"
98 [140123706414848] INFO perfrun.perfcollector <> - eventId : g, skip parsing event_id
98 [140123706414848] INFO perfrun.perfcollector <> - groupId : 0 , eventId : 4294967295 , cccrAddr : 38f , cccrVal : 70000000f
98 [140123706414848] WARN perfrun.perfcollector <> - eventId : 4294967295 , cccrAddr : 38f is outside of evsel range [186-18d] , ignored  , pmuDesc.name : cpu, at file: vcs/perfrun1/plugins/perfcollector/src/event_manager.cpp:802
98 [140123706414848] INFO perfrun.perfcollector <> - DRY_RUN : "reg_type       = 1	event_id       = g	reg_id         = 390	reg_value      = 70000000f"
98 [140123706414848] INFO perfrun.perfcollector <> - eventId : g, skip parsing event_id
98 [140123706414848] INFO perfrun.perfcollector <> - groupId : 0 , eventId : 4294967295 , cccrAddr : 390 , cccrVal : 70000000f
98 [140123706414848] WARN perfrun.perfcollector <> - eventId : 4294967295 , cccrAddr : 390 is outside of evsel range [186-18d] , ignored  , pmuDesc.name : cpu, at file: vcs/perfrun1/plugins/perfcollector/src/event_manager.cpp:802
98 [140123706414848] INFO perfrun.perfcollector <> - DRY_RUN : "reg_type       = 1	event_id       = g	reg_id         = 3f1	reg_value      = 0"
98 [140123706414848] INFO perfrun.perfcollector <> - eventId : g, skip parsing event_id
98 [140123706414848] INFO perfrun.perfcollector <> - groupId : 0 , eventId : 4294967295 , cccrAddr : 3f1 , cccrVal : 0
98 [140123706414848] WARN perfrun.perfcollector <> - eventId : 4294967295 , cccrAddr : 3f1 is outside of evsel range [186-18d] , ignored  , pmuDesc.name : cpu, at file: vcs/perfrun1/plugins/perfcollector/src/event_manager.cpp:802
98 [140123706414848] INFO perfrun.perfcollector <> - DRY_RUN : "reg_type       = 1	event_id       = g	reg_id         = 1d9	reg_value      = 1800"
98 [140123706414848] INFO perfrun.perfcollector <> - eventId : g, skip parsing event_id
98 [140123706414848] INFO perfrun.perfcollector <> - groupId : 0 , eventId : 4294967295 , cccrAddr : 1d9 , cccrVal : 1800
99 [140123706414848] WARN perfrun.perfcollector <> - eventId : 4294967295 , cccrAddr : 1d9 is outside of evsel range [186-18d] , ignored  , pmuDesc.name : cpu, at file: vcs/perfrun1/plugins/perfcollector/src/event_manager.cpp:802
99 [140123706414848] INFO perfrun.perfcollector <> - DRY_RUN : "reg_type       = 1	event_id       = g	reg_id         = 38d	reg_value      = bbb"
99 [140123706414848] INFO perfrun.perfcollector <> - eventId : g, skip parsing event_id
99 [140123706414848] INFO perfrun.perfcollector <> - groupId : 0 , eventId : 4294967295 , cccrAddr : 38d , cccrVal : bbb
99 [140123706414848] WARN perfrun.perfcollector <> - eventId : 4294967295 , cccrAddr : 38d is outside of evsel range [186-18d] , ignored  , pmuDesc.name : cpu, at file: vcs/perfrun1/plugins/perfcollector/src/event_manager.cpp:802
99 [140123706414848] INFO perfrun.perfcollector <> - DRY_RUN : "reg_type       = 1	event_id       = 3	reg_id         = 186	reg_value      = 53013c"
99 [140123706414848] INFO perfrun.perfcollector <> - groupId : 0 , eventId : 3 , cccrAddr : 186 , cccrVal : 53013c
99 [140123706414848] INFO perfrun.perfcollector <> - DRY_RUN : "reg_type       = 1	event_id       = 4	reg_id         = 187	reg_value      = 53023c"
99 [140123706414848] INFO perfrun.perfcollector <> - groupId : 0 , eventId : 4 , cccrAddr : 187 , cccrVal : 53023c
99 [140123706414848] INFO perfrun.perfcollector <> - DRY_RUN : "reg_type       = 1	event_id       = 5	reg_id         = 188	reg_value      = 5302c2"
99 [140123706414848] INFO perfrun.perfcollector <> - groupId : 0 , eventId : 5 , cccrAddr : 188 , cccrVal : 5302c2
99 [140123706414848] INFO perfrun.perfcollector <> - DRY_RUN : "reg_type       = 1	event_id       = 6	reg_id         = 189	reg_value      = 5302c7"
99 [140123706414848] INFO perfrun.perfcollector <> - groupId : 0 , eventId : 6 , cccrAddr : 189 , cccrVal : 5302c7
99 [140123706414848] INFO perfrun.perfcollector <> - DRY_RUN : "ESCR"
99 [140123706414848] INFO perfrun.perfcollector <> - DRY_RUN : "reg_type       = 2	event_id       = g	reg_id         = 1c8	reg_value      = 0"
99 [140123706414848] INFO perfrun.perfcollector <> - eventId : g, skip parsing event_id
99 [140123706414848] INFO perfrun.perfcollector <> - DRY_RUN : "DATA"
99 [140123706414848] INFO perfrun.perfcollector <> - DRY_RUN : "reg_type       = 4	event_id       = 2	reg_id         = 309	reg_value      = fffffffe7960"
99 [140123706414848] INFO perfrun.perfcollector <> - eventId : 2 , dataAddr : 309 , dataVal : fffffffe7960
99 [140123706414848] INFO perfrun.perfcollector <> - DRY_RUN : "reg_type       = 4	event_id       = 0	reg_id         = 30a	reg_value      = fffffffe7960"
99 [140123706414848] INFO perfrun.perfcollector <> - eventId : 0 , dataAddr : 30a , dataVal : fffffffe7960
99 [140123706414848] INFO perfrun.perfcollector <> - DRY_RUN : "reg_type       = 4	event_id       = 1	reg_id         = 30b	reg_value      = fffffffe7960"
99 [140123706414848] INFO perfrun.perfcollector <> - eventId : 1 , dataAddr : 30b , dataVal : fffffffe7960
99 [140123706414848] INFO perfrun.perfcollector <> - DRY_RUN : "reg_type       = 4	event_id       = 3	reg_id         = c1	reg_value      = fffffffffb1e"
99 [140123706414848] INFO perfrun.perfcollector <> - eventId : 3 , dataAddr : c1 , dataVal : fffffffffb1e
99 [140123706414848] INFO perfrun.perfcollector <> - DRY_RUN : "reg_type       = 4	event_id       = 4	reg_id         = c2	reg_value      = fffffffffb1e"
99 [140123706414848] INFO perfrun.perfcollector <> - eventId : 4 , dataAddr : c2 , dataVal : fffffffffb1e
99 [140123706414848] INFO perfrun.perfcollector <> - DRY_RUN : "reg_type       = 4	event_id       = 5	reg_id         = c3	reg_value      = ffffffffb1e0"
99 [140123706414848] INFO perfrun.perfcollector <> - eventId : 5 , dataAddr : c3 , dataVal : ffffffffb1e0
99 [140123706414848] INFO perfrun.perfcollector <> - DRY_RUN : "reg_type       = 4	event_id       = 6	reg_id         = c4	reg_value      = ffffffffb1e0"
99 [140123706414848] INFO perfrun.perfcollector <> - eventId : 6 , dataAddr : c4 , dataVal : ffffffffb1e0
99 [140123706414848] INFO perfrun.perfcollector <> - DRY_RUN : "Group 1:"
99 [140123706414848] INFO perfrun.perfcollector <> - id : 1
99 [140123706414848] INFO perfrun.perfcollector <> - DRY_RUN : "INST_RETIRED.ANY: event id 2"
99 [140123706414848] INFO perfrun.perfcollector <> - eventName : INST_RETIRED.ANY , eventId : 2
99 [140123706414848] INFO perfrun.perfcollector <> - DRY_RUN : "CPU_CLK_UNHALTED.THREAD: event id 0"
99 [140123706414848] INFO perfrun.perfcollector <> - eventName : CPU_CLK_UNHALTED.THREAD , eventId : 0
99 [140123706414848] INFO perfrun.perfcollector <> - DRY_RUN : "CPU_CLK_UNHALTED.REF_TSC: event id 1"
99 [140123706414848] INFO perfrun.perfcollector <> - eventName : CPU_CLK_UNHALTED.REF_TSC , eventId : 1
99 [140123706414848] INFO perfrun.perfcollector <> - DRY_RUN : "FP_ARITH_INST_RETIRED.128B_PACKED_SINGLE: event id 7"
99 [140123706414848] INFO perfrun.perfcollector <> - eventName : FP_ARITH_INST_RETIRED.128B_PACKED_SINGLE , eventId : 7
99 [140123706414848] INFO perfrun.perfcollector <> - DRY_RUN : "FP_ARITH_INST_RETIRED.256B_PACKED_SINGLE: event id 8"
99 [140123706414848] INFO perfrun.perfcollector <> - eventName : FP_ARITH_INST_RETIRED.256B_PACKED_SINGLE , eventId : 8
99 [140123706414848] INFO perfrun.perfcollector <> - DRY_RUN : "FP_ARITH_INST_RETIRED.SCALAR_DOUBLE: event id 9"
99 [140123706414848] INFO perfrun.perfcollector <> - eventName : FP_ARITH_INST_RETIRED.SCALAR_DOUBLE , eventId : 9
99 [140123706414848] INFO perfrun.perfcollector <> - DRY_RUN : "FP_ARITH_INST_RETIRED.128B_PACKED_DOUBLE: event id 10"
99 [140123706414848] INFO perfrun.perfcollector <> - eventName : FP_ARITH_INST_RETIRED.128B_PACKED_DOUBLE , eventId : 10
99 [140123706414848] INFO perfrun.perfcollector <> - DRY_RUN : "CCCR"
99 [140123706414848] INFO perfrun.perfcollector <> - DRY_RUN : "reg_type       = 1	event_id       = g	reg_id         = 38f	reg_value      = 70000000f"
99 [140123706414848] INFO perfrun.perfcollector <> - eventId : g, skip parsing event_id
99 [140123706414848] INFO perfrun.perfcollector <> - groupId : 1 , eventId : 4294967295 , cccrAddr : 38f , cccrVal : 70000000f
99 [140123706414848] WARN perfrun.perfcollector <> - eventId : 4294967295 , cccrAddr : 38f is outside of evsel range [186-18d] , ignored  , pmuDesc.name : cpu, at file: vcs/perfrun1/plugins/perfcollector/src/event_manager.cpp:802
99 [140123706414848] INFO perfrun.perfcollector <> - DRY_RUN : "reg_type       = 1	event_id       = g	reg_id         = 390	reg_value      = 70000000f"
99 [140123706414848] INFO perfrun.perfcollector <> - eventId : g, skip parsing event_id
99 [140123706414848] INFO perfrun.perfcollector <> - groupId : 1 , eventId : 4294967295 , cccrAddr : 390 , cccrVal : 70000000f
99 [140123706414848] WARN perfrun.perfcollector <> - eventId : 4294967295 , cccrAddr : 390 is outside of evsel range [186-18d] , ignored  , pmuDesc.name : cpu, at file: vcs/perfrun1/plugins/perfcollector/src/event_manager.cpp:802
99 [140123706414848] INFO perfrun.perfcollector <> - DRY_RUN : "reg_type       = 1	event_id       = g	reg_id         = 3f1	reg_value      = 0"
99 [140123706414848] INFO perfrun.perfcollector <> - eventId : g, skip parsing event_id
99 [140123706414848] INFO perfrun.perfcollector <> - groupId : 1 , eventId : 4294967295 , cccrAddr : 3f1 , cccrVal : 0
99 [140123706414848] WARN perfrun.perfcollector <> - eventId : 4294967295 , cccrAddr : 3f1 is outside of evsel range [186-18d] , ignored  , pmuDesc.name : cpu, at file: vcs/perfrun1/plugins/perfcollector/src/event_manager.cpp:802
99 [140123706414848] INFO perfrun.perfcollector <> - DRY_RUN : "reg_type       = 1	event_id       = g	reg_id         = 1d9	reg_value      = 1800"
99 [140123706414848] INFO perfrun.perfcollector <> - eventId : g, skip parsing event_id
99 [140123706414848] INFO perfrun.perfcollector <> - groupId : 1 , eventId : 4294967295 , cccrAddr : 1d9 , cccrVal : 1800
99 [140123706414848] WARN perfrun.perfcollector <> - eventId : 4294967295 , cccrAddr : 1d9 is outside of evsel range [186-18d] , ignored  , pmuDesc.name : cpu, at file: vcs/perfrun1/plugins/perfcollector/src/event_manager.cpp:802
99 [140123706414848] INFO perfrun.perfcollector <> - DRY_RUN : "reg_type       = 1	event_id       = g	reg_id         = 38d	reg_value      = bbb"
99 [140123706414848] INFO perfrun.perfcollector <> - eventId : g, skip parsing event_id
99 [140123706414848] INFO perfrun.perfcollector <> - groupId : 1 , eventId : 4294967295 , cccrAddr : 38d , cccrVal : bbb
99 [140123706414848] WARN perfrun.perfcollector <> - eventId : 4294967295 , cccrAddr : 38d is outside of evsel range [186-18d] , ignored  , pmuDesc.name : cpu, at file: vcs/perfrun1/plugins/perfcollector/src/event_manager.cpp:802
99 [140123706414848] INFO perfrun.perfcollector <> - DRY_RUN : "reg_type       = 1	event_id       = 7	reg_id         = 186	reg_value      = 5308c7"
99 [140123706414848] INFO perfrun.perfcollector <> - groupId : 1 , eventId : 7 , cccrAddr : 186 , cccrVal : 5308c7
99 [140123706414848] INFO perfrun.perfcollector <> - DRY_RUN : "reg_type       = 1	event_id       = 8	reg_id         = 187	reg_value      = 5320c7"
99 [140123706414848] INFO perfrun.perfcollector <> - groupId : 1 , eventId : 8 , cccrAddr : 187 , cccrVal : 5320c7
99 [140123706414848] INFO perfrun.perfcollector <> - DRY_RUN : "reg_type       = 1	event_id       = 9	reg_id         = 188	reg_value      = 5301c7"
99 [140123706414848] INFO perfrun.perfcollector <> - groupId : 1 , eventId : 9 , cccrAddr : 188 , cccrVal : 5301c7
99 [140123706414848] INFO perfrun.perfcollector <> - DRY_RUN : "reg_type       = 1	event_id       = 10	reg_id         = 189	reg_value      = 5304c7"
99 [140123706414848] INFO perfrun.perfcollector <> - groupId : 1 , eventId : 10 , cccrAddr : 189 , cccrVal : 5304c7
99 [140123706414848] INFO perfrun.perfcollector <> - DRY_RUN : "ESCR"
99 [140123706414848] INFO perfrun.perfcollector <> - DRY_RUN : "reg_type       = 2	event_id       = g	reg_id         = 1c8	reg_value      = 0"
99 [140123706414848] INFO perfrun.perfcollector <> - eventId : g, skip parsing event_id
99 [140123706414848] INFO perfrun.perfcollector <> - DRY_RUN : "DATA"
99 [140123706414848] INFO perfrun.perfcollector <> - DRY_RUN : "reg_type       = 4	event_id       = 2	reg_id         = 309	reg_value      = fffffffe7960"
99 [140123706414848] INFO perfrun.perfcollector <> - eventId : 2 , dataAddr : 309 , dataVal : fffffffe7960
99 [140123706414848] INFO perfrun.perfcollector <> - DRY_RUN : "reg_type       = 4	event_id       = 0	reg_id         = 30a	reg_value      = fffffffe7960"
99 [140123706414848] INFO perfrun.perfcollector <> - eventId : 0 , dataAddr : 30a , dataVal : fffffffe7960
99 [140123706414848] INFO perfrun.perfcollector <> - DRY_RUN : "reg_type       = 4	event_id       = 1	reg_id         = 30b	reg_value      = fffffffe7960"
99 [140123706414848] INFO perfrun.perfcollector <> - eventId : 1 , dataAddr : 30b , dataVal : fffffffe7960
99 [140123706414848] INFO perfrun.perfcollector <> - DRY_RUN : "reg_type       = 4	event_id       = 7	reg_id         = c1	reg_value      = ffffffffb1e0"
99 [140123706414848] INFO perfrun.perfcollector <> - eventId : 7 , dataAddr : c1 , dataVal : ffffffffb1e0
99 [140123706414848] INFO perfrun.perfcollector <> - DRY_RUN : "reg_type       = 4	event_id       = 8	reg_id         = c2	reg_value      = ffffffffb1e0"
99 [140123706414848] INFO perfrun.perfcollector <> - eventId : 8 , dataAddr : c2 , dataVal : ffffffffb1e0
100 [140123706414848] INFO perfrun.perfcollector <> - DRY_RUN : "reg_type       = 4	event_id       = 9	reg_id         = c3	reg_value      = ffffffffb1e0"
100 [140123706414848] INFO perfrun.perfcollector <> - eventId : 9 , dataAddr : c3 , dataVal : ffffffffb1e0
100 [140123706414848] INFO perfrun.perfcollector <> - DRY_RUN : "reg_type       = 4	event_id       = 10	reg_id         = c4	reg_value      = ffffffffb1e0"
100 [140123706414848] INFO perfrun.perfcollector <> - eventId : 10 , dataAddr : c4 , dataVal : ffffffffb1e0
100 [140123706414848] INFO perfrun.perfcollector <> - DRY_RUN : "Group 2:"
100 [140123706414848] INFO perfrun.perfcollector <> - id : 2
100 [140123706414848] INFO perfrun.perfcollector <> - DRY_RUN : "INST_RETIRED.ANY: event id 2"
100 [140123706414848] INFO perfrun.perfcollector <> - eventName : INST_RETIRED.ANY , eventId : 2
100 [140123706414848] INFO perfrun.perfcollector <> - DRY_RUN : "CPU_CLK_UNHALTED.THREAD: event id 0"
100 [140123706414848] INFO perfrun.perfcollector <> - eventName : CPU_CLK_UNHALTED.THREAD , eventId : 0
100 [140123706414848] INFO perfrun.perfcollector <> - DRY_RUN : "CPU_CLK_UNHALTED.REF_TSC: event id 1"
100 [140123706414848] INFO perfrun.perfcollector <> - eventName : CPU_CLK_UNHALTED.REF_TSC , eventId : 1
100 [140123706414848] INFO perfrun.perfcollector <> - DRY_RUN : "FP_ARITH_INST_RETIRED.256B_PACKED_DOUBLE: event id 11"
100 [140123706414848] INFO perfrun.perfcollector <> - eventName : FP_ARITH_INST_RETIRED.256B_PACKED_DOUBLE , eventId : 11
100 [140123706414848] INFO perfrun.perfcollector <> - DRY_RUN : "UOPS_EXECUTED.X87: event id 12"
100 [140123706414848] INFO perfrun.perfcollector <> - eventName : UOPS_EXECUTED.X87 , eventId : 12
100 [140123706414848] INFO perfrun.perfcollector <> - DRY_RUN : "UOPS_EXECUTED.THREAD: event id 13"
100 [140123706414848] INFO perfrun.perfcollector <> - eventName : UOPS_EXECUTED.THREAD , eventId : 13
100 [140123706414848] INFO perfrun.perfcollector <> - DRY_RUN : "CCCR"
100 [140123706414848] INFO perfrun.perfcollector <> - DRY_RUN : "reg_type       = 1	event_id       = g	reg_id         = 38f	reg_value      = 700000007"
100 [140123706414848] INFO perfrun.perfcollector <> - eventId : g, skip parsing event_id
100 [140123706414848] INFO perfrun.perfcollector <> - groupId : 2 , eventId : 4294967295 , cccrAddr : 38f , cccrVal : 700000007
100 [140123706414848] WARN perfrun.perfcollector <> - eventId : 4294967295 , cccrAddr : 38f is outside of evsel range [186-18d] , ignored  , pmuDesc.name : cpu, at file: vcs/perfrun1/plugins/perfcollector/src/event_manager.cpp:802
100 [140123706414848] INFO perfrun.perfcollector <> - DRY_RUN : "reg_type       = 1	event_id       = g	reg_id         = 390	reg_value      = 700000007"
100 [140123706414848] INFO perfrun.perfcollector <> - eventId : g, skip parsing event_id
100 [140123706414848] INFO perfrun.perfcollector <> - groupId : 2 , eventId : 4294967295 , cccrAddr : 390 , cccrVal : 700000007
100 [140123706414848] WARN perfrun.perfcollector <> - eventId : 4294967295 , cccrAddr : 390 is outside of evsel range [186-18d] , ignored  , pmuDesc.name : cpu, at file: vcs/perfrun1/plugins/perfcollector/src/event_manager.cpp:802
100 [140123706414848] INFO perfrun.perfcollector <> - DRY_RUN : "reg_type       = 1	event_id       = g	reg_id         = 3f1	reg_value      = 0"
100 [140123706414848] INFO perfrun.perfcollector <> - eventId : g, skip parsing event_id
100 [140123706414848] INFO perfrun.perfcollector <> - groupId : 2 , eventId : 4294967295 , cccrAddr : 3f1 , cccrVal : 0
100 [140123706414848] WARN perfrun.perfcollector <> - eventId : 4294967295 , cccrAddr : 3f1 is outside of evsel range [186-18d] , ignored  , pmuDesc.name : cpu, at file: vcs/perfrun1/plugins/perfcollector/src/event_manager.cpp:802
100 [140123706414848] INFO perfrun.perfcollector <> - DRY_RUN : "reg_type       = 1	event_id       = g	reg_id         = 1d9	reg_value      = 1800"
100 [140123706414848] INFO perfrun.perfcollector <> - eventId : g, skip parsing event_id
100 [140123706414848] INFO perfrun.perfcollector <> - groupId : 2 , eventId : 4294967295 , cccrAddr : 1d9 , cccrVal : 1800
100 [140123706414848] WARN perfrun.perfcollector <> - eventId : 4294967295 , cccrAddr : 1d9 is outside of evsel range [186-18d] , ignored  , pmuDesc.name : cpu, at file: vcs/perfrun1/plugins/perfcollector/src/event_manager.cpp:802
100 [140123706414848] INFO perfrun.perfcollector <> - DRY_RUN : "reg_type       = 1	event_id       = g	reg_id         = 38d	reg_value      = bbb"
100 [140123706414848] INFO perfrun.perfcollector <> - eventId : g, skip parsing event_id
100 [140123706414848] INFO perfrun.perfcollector <> - groupId : 2 , eventId : 4294967295 , cccrAddr : 38d , cccrVal : bbb
100 [140123706414848] WARN perfrun.perfcollector <> - eventId : 4294967295 , cccrAddr : 38d is outside of evsel range [186-18d] , ignored  , pmuDesc.name : cpu, at file: vcs/perfrun1/plugins/perfcollector/src/event_manager.cpp:802
100 [140123706414848] INFO perfrun.perfcollector <> - DRY_RUN : "reg_type       = 1	event_id       = 11	reg_id         = 186	reg_value      = 5310c7"
100 [140123706414848] INFO perfrun.perfcollector <> - groupId : 2 , eventId : 11 , cccrAddr : 186 , cccrVal : 5310c7
100 [140123706414848] INFO perfrun.perfcollector <> - DRY_RUN : "reg_type       = 1	event_id       = 12	reg_id         = 187	reg_value      = 5310b1"
100 [140123706414848] INFO perfrun.perfcollector <> - groupId : 2 , eventId : 12 , cccrAddr : 187 , cccrVal : 5310b1
100 [140123706414848] INFO perfrun.perfcollector <> - DRY_RUN : "reg_type       = 1	event_id       = 13	reg_id         = 188	reg_value      = 5301b1"
100 [140123706414848] INFO perfrun.perfcollector <> - groupId : 2 , eventId : 13 , cccrAddr : 188 , cccrVal : 5301b1
100 [140123706414848] INFO perfrun.perfcollector <> - DRY_RUN : "ESCR"
100 [140123706414848] INFO perfrun.perfcollector <> - DRY_RUN : "reg_type       = 2	event_id       = g	reg_id         = 1c8	reg_value      = 0"
100 [140123706414848] INFO perfrun.perfcollector <> - eventId : g, skip parsing event_id
100 [140123706414848] INFO perfrun.perfcollector <> - DRY_RUN : "DATA"
100 [140123706414848] INFO perfrun.perfcollector <> - DRY_RUN : "reg_type       = 4	event_id       = 2	reg_id         = 309	reg_value      = fffffffe7960"
100 [140123706414848] INFO perfrun.perfcollector <> - eventId : 2 , dataAddr : 309 , dataVal : fffffffe7960
100 [140123706414848] INFO perfrun.perfcollector <> - DRY_RUN : "reg_type       = 4	event_id       = 0	reg_id         = 30a	reg_value      = fffffffe7960"
100 [140123706414848] INFO perfrun.perfcollector <> - eventId : 0 , dataAddr : 30a , dataVal : fffffffe7960
100 [140123706414848] INFO perfrun.perfcollector <> - DRY_RUN : "reg_type       = 4	event_id       = 1	reg_id         = 30b	reg_value      = fffffffe7960"
100 [140123706414848] INFO perfrun.perfcollector <> - eventId : 1 , dataAddr : 30b , dataVal : fffffffe7960
100 [140123706414848] INFO perfrun.perfcollector <> - DRY_RUN : "reg_type       = 4	event_id       = 11	reg_id         = c1	reg_value      = ffffffffb1e0"
100 [140123706414848] INFO perfrun.perfcollector <> - eventId : 11 , dataAddr : c1 , dataVal : ffffffffb1e0
100 [140123706414848] INFO perfrun.perfcollector <> - DRY_RUN : "reg_type       = 4	event_id       = 12	reg_id         = c2	reg_value      = ffffffffb1e0"
100 [140123706414848] INFO perfrun.perfcollector <> - eventId : 12 , dataAddr : c2 , dataVal : ffffffffb1e0
100 [140123706414848] INFO perfrun.perfcollector <> - DRY_RUN : "reg_type       = 4	event_id       = 13	reg_id         = c3	reg_value      = ffffffffb1e0"
100 [140123706414848] INFO perfrun.perfcollector <> - eventId : 13 , dataAddr : c3 , dataVal : ffffffffb1e0
100 [140123706414848] INFO perfrun.perfcollector <> - pmu config : cpu , m_cccrAddr : ffffffff , m_cccrVal : 0 , m_escrAddr : ffffffff , m_escrVal : 0 , m_dataAddr : 30a , m_dataVal : fffffffffffe7960 , m_extPebsVal : 0 , m_adtPebsAvail : 0
100 [140123706414848] INFO perfrun.perfcollector <> - config : event : 3c
100 [140123706414848] INFO perfrun.perfcollector <> - config : pc : 0
100 [140123706414848] INFO perfrun.perfcollector <> - config : edge : 0
100 [140123706414848] INFO perfrun.perfcollector <> - config : any : 0
100 [140123706414848] INFO perfrun.perfcollector <> - config1 : offcore_rsp : 0
100 [140123706414848] INFO perfrun.perfcollector <> - config1 : ldlat : 0
100 [140123706414848] INFO perfrun.perfcollector <> - config : inv : 0
100 [140123706414848] INFO perfrun.perfcollector <> - config : umask : 0
100 [140123706414848] INFO perfrun.perfcollector <> - config1 : frontend : 0
100 [140123706414848] INFO perfrun.perfcollector <> - config : cmask : 0
100 [140123706414848] INFO perfrun.perfcollector <> - format : cpu/period=0x186a0,event=0x3c,name='CPU_CLK_UNHALTED.THREAD'/D
100 [140123706414848] INFO perfrun.perfcollector <> - pmu config : cpu , m_cccrAddr : ffffffff , m_cccrVal : 0 , m_escrAddr : ffffffff , m_escrVal : 0 , m_dataAddr : 30b , m_dataVal : fffffffffffe7960 , m_extPebsVal : 0 , m_adtPebsAvail : 0
100 [140123706414848] INFO perfrun.perfcollector <> - config : event : 0
100 [140123706414848] INFO perfrun.perfcollector <> - config : pc : 0
100 [140123706414848] INFO perfrun.perfcollector <> - config : edge : 0
100 [140123706414848] INFO perfrun.perfcollector <> - config : any : 0
100 [140123706414848] INFO perfrun.perfcollector <> - config1 : offcore_rsp : 0
100 [140123706414848] INFO perfrun.perfcollector <> - config1 : ldlat : 0
100 [140123706414848] INFO perfrun.perfcollector <> - config : inv : 0
100 [140123706414848] INFO perfrun.perfcollector <> - config : umask : 3
100 [140123706414848] INFO perfrun.perfcollector <> - config1 : frontend : 0
100 [140123706414848] INFO perfrun.perfcollector <> - config : cmask : 0
100 [140123706414848] INFO perfrun.perfcollector <> - format : cpu/period=0x186a0,umask=0x3,name='CPU_CLK_UNHALTED.REF_TSC'/D
100 [140123706414848] INFO perfrun.perfcollector <> - pmu config : cpu , m_cccrAddr : ffffffff , m_cccrVal : 0 , m_escrAddr : ffffffff , m_escrVal : 0 , m_dataAddr : 309 , m_dataVal : fffffffffffe7960 , m_extPebsVal : 0 , m_adtPebsAvail : 0
100 [140123706414848] INFO perfrun.perfcollector <> - config : event : c0
100 [140123706414848] INFO perfrun.perfcollector <> - config : pc : 0
100 [140123706414848] INFO perfrun.perfcollector <> - config : edge : 0
100 [140123706414848] INFO perfrun.perfcollector <> - config : any : 0
100 [140123706414848] INFO perfrun.perfcollector <> - config1 : offcore_rsp : 0
100 [140123706414848] INFO perfrun.perfcollector <> - config1 : ldlat : 0
100 [140123706414848] INFO perfrun.perfcollector <> - config : inv : 0
100 [140123706414848] INFO perfrun.perfcollector <> - config : umask : 0
100 [140123706414848] INFO perfrun.perfcollector <> - config1 : frontend : 0
100 [140123706414848] INFO perfrun.perfcollector <> - config : cmask : 0
100 [140123706414848] INFO perfrun.perfcollector <> - format : cpu/period=0x186a0,event=0xc0,name='INST_RETIRED.ANY'/D
100 [140123706414848] INFO perfrun.perfcollector <> - pmu config : cpu , m_cccrAddr : 186 , m_cccrVal : 53013c , m_escrAddr : ffffffff , m_escrVal : 0 , m_dataAddr : c1 , m_dataVal : fffffffffffffb1e , m_extPebsVal : 0 , m_adtPebsAvail : 0
100 [140123706414848] INFO perfrun.perfcollector <> - config : event : 3c
101 [140123706414848] INFO perfrun.perfcollector <> - config : pc : 0
101 [140123706414848] INFO perfrun.perfcollector <> - config : edge : 0
101 [140123706414848] INFO perfrun.perfcollector <> - config : any : 0
101 [140123706414848] INFO perfrun.perfcollector <> - config1 : offcore_rsp : 0
101 [140123706414848] INFO perfrun.perfcollector <> - config1 : ldlat : 0
101 [140123706414848] INFO perfrun.perfcollector <> - config : inv : 0
101 [140123706414848] INFO perfrun.perfcollector <> - config : umask : 1
101 [140123706414848] INFO perfrun.perfcollector <> - config1 : frontend : 0
101 [140123706414848] INFO perfrun.perfcollector <> - config : cmask : 0
101 [140123706414848] INFO perfrun.perfcollector <> - format : cpu/period=0x4e2,event=0x3c,umask=0x1,name='CPU_CLK_UNHALTED.REF_XCLK'/
101 [140123706414848] INFO perfrun.perfcollector <> - pmu config : cpu , m_cccrAddr : 187 , m_cccrVal : 53023c , m_escrAddr : ffffffff , m_escrVal : 0 , m_dataAddr : c2 , m_dataVal : fffffffffffffb1e , m_extPebsVal : 0 , m_adtPebsAvail : 0
101 [140123706414848] INFO perfrun.perfcollector <> - config : event : 3c
101 [140123706414848] INFO perfrun.perfcollector <> - config : pc : 0
101 [140123706414848] INFO perfrun.perfcollector <> - config : edge : 0
101 [140123706414848] INFO perfrun.perfcollector <> - config : any : 0
101 [140123706414848] INFO perfrun.perfcollector <> - config1 : offcore_rsp : 0
101 [140123706414848] INFO perfrun.perfcollector <> - config1 : ldlat : 0
101 [140123706414848] INFO perfrun.perfcollector <> - config : inv : 0
101 [140123706414848] INFO perfrun.perfcollector <> - config : umask : 2
101 [140123706414848] INFO perfrun.perfcollector <> - config1 : frontend : 0
101 [140123706414848] INFO perfrun.perfcollector <> - config : cmask : 0
101 [140123706414848] INFO perfrun.perfcollector <> - format : cpu/period=0x4e2,event=0x3c,umask=0x2,name='CPU_CLK_UNHALTED.ONE_THREAD_ACTIVE'/
101 [140123706414848] INFO perfrun.perfcollector <> - pmu config : cpu , m_cccrAddr : 188 , m_cccrVal : 5302c2 , m_escrAddr : ffffffff , m_escrVal : 0 , m_dataAddr : c3 , m_dataVal : ffffffffffffb1e0 , m_extPebsVal : 0 , m_adtPebsAvail : 0
101 [140123706414848] INFO perfrun.perfcollector <> - config : event : c2
101 [140123706414848] INFO perfrun.perfcollector <> - config : pc : 0
101 [140123706414848] INFO perfrun.perfcollector <> - config : edge : 0
101 [140123706414848] INFO perfrun.perfcollector <> - config : any : 0
101 [140123706414848] INFO perfrun.perfcollector <> - config1 : offcore_rsp : 0
101 [140123706414848] INFO perfrun.perfcollector <> - config1 : ldlat : 0
101 [140123706414848] INFO perfrun.perfcollector <> - config : inv : 0
101 [140123706414848] INFO perfrun.perfcollector <> - config : umask : 2
101 [140123706414848] INFO perfrun.perfcollector <> - config1 : frontend : 0
101 [140123706414848] INFO perfrun.perfcollector <> - config : cmask : 0
101 [140123706414848] INFO perfrun.perfcollector <> - format : cpu/period=0x4e20,event=0xc2,umask=0x2,name='UOPS_RETIRED.RETIRE_SLOTS'/
101 [140123706414848] INFO perfrun.perfcollector <> - pmu config : cpu , m_cccrAddr : 189 , m_cccrVal : 5302c7 , m_escrAddr : ffffffff , m_escrVal : 0 , m_dataAddr : c4 , m_dataVal : ffffffffffffb1e0 , m_extPebsVal : 0 , m_adtPebsAvail : 0
101 [140123706414848] INFO perfrun.perfcollector <> - config : event : c7
101 [140123706414848] INFO perfrun.perfcollector <> - config : pc : 0
101 [140123706414848] INFO perfrun.perfcollector <> - config : edge : 0
101 [140123706414848] INFO perfrun.perfcollector <> - config : any : 0
101 [140123706414848] INFO perfrun.perfcollector <> - config1 : offcore_rsp : 0
101 [140123706414848] INFO perfrun.perfcollector <> - config1 : ldlat : 0
101 [140123706414848] INFO perfrun.perfcollector <> - config : inv : 0
101 [140123706414848] INFO perfrun.perfcollector <> - config : umask : 2
101 [140123706414848] INFO perfrun.perfcollector <> - config1 : frontend : 0
101 [140123706414848] INFO perfrun.perfcollector <> - config : cmask : 0
101 [140123706414848] INFO perfrun.perfcollector <> - format : cpu/period=0x4e20,event=0xc7,umask=0x2,name='FP_ARITH_INST_RETIRED.SCALAR_SINGLE'/
101 [140123706414848] INFO perfrun.perfcollector <> - pmu config : cpu , m_cccrAddr : 186 , m_cccrVal : 5308c7 , m_escrAddr : ffffffff , m_escrVal : 0 , m_dataAddr : c1 , m_dataVal : ffffffffffffb1e0 , m_extPebsVal : 0 , m_adtPebsAvail : 0
101 [140123706414848] INFO perfrun.perfcollector <> - config : event : c7
101 [140123706414848] INFO perfrun.perfcollector <> - config : pc : 0
101 [140123706414848] INFO perfrun.perfcollector <> - config : edge : 0
101 [140123706414848] INFO perfrun.perfcollector <> - config : any : 0
101 [140123706414848] INFO perfrun.perfcollector <> - config1 : offcore_rsp : 0
101 [140123706414848] INFO perfrun.perfcollector <> - config1 : ldlat : 0
101 [140123706414848] INFO perfrun.perfcollector <> - config : inv : 0
101 [140123706414848] INFO perfrun.perfcollector <> - config : umask : 8
101 [140123706414848] INFO perfrun.perfcollector <> - config1 : frontend : 0
101 [140123706414848] INFO perfrun.perfcollector <> - config : cmask : 0
101 [140123706414848] INFO perfrun.perfcollector <> - format : cpu/period=0x4e20,event=0xc7,umask=0x8,name='FP_ARITH_INST_RETIRED.128B_PACKED_SINGLE'/
101 [140123706414848] INFO perfrun.perfcollector <> - pmu config : cpu , m_cccrAddr : 187 , m_cccrVal : 5320c7 , m_escrAddr : ffffffff , m_escrVal : 0 , m_dataAddr : c2 , m_dataVal : ffffffffffffb1e0 , m_extPebsVal : 0 , m_adtPebsAvail : 0
101 [140123706414848] INFO perfrun.perfcollector <> - config : event : c7
101 [140123706414848] INFO perfrun.perfcollector <> - config : pc : 0
101 [140123706414848] INFO perfrun.perfcollector <> - config : edge : 0
101 [140123706414848] INFO perfrun.perfcollector <> - config : any : 0
101 [140123706414848] INFO perfrun.perfcollector <> - config1 : offcore_rsp : 0
101 [140123706414848] INFO perfrun.perfcollector <> - config1 : ldlat : 0
101 [140123706414848] INFO perfrun.perfcollector <> - config : inv : 0
101 [140123706414848] INFO perfrun.perfcollector <> - config : umask : 20
101 [140123706414848] INFO perfrun.perfcollector <> - config1 : frontend : 0
101 [140123706414848] INFO perfrun.perfcollector <> - config : cmask : 0
101 [140123706414848] INFO perfrun.perfcollector <> - format : cpu/period=0x4e20,event=0xc7,umask=0x20,name='FP_ARITH_INST_RETIRED.256B_PACKED_SINGLE'/
101 [140123706414848] INFO perfrun.perfcollector <> - pmu config : cpu , m_cccrAddr : 188 , m_cccrVal : 5301c7 , m_escrAddr : ffffffff , m_escrVal : 0 , m_dataAddr : c3 , m_dataVal : ffffffffffffb1e0 , m_extPebsVal : 0 , m_adtPebsAvail : 0
101 [140123706414848] INFO perfrun.perfcollector <> - config : event : c7
101 [140123706414848] INFO perfrun.perfcollector <> - config : pc : 0
101 [140123706414848] INFO perfrun.perfcollector <> - config : edge : 0
101 [140123706414848] INFO perfrun.perfcollector <> - config : any : 0
101 [140123706414848] INFO perfrun.perfcollector <> - config1 : offcore_rsp : 0
101 [140123706414848] INFO perfrun.perfcollector <> - config1 : ldlat : 0
101 [140123706414848] INFO perfrun.perfcollector <> - config : inv : 0
101 [140123706414848] INFO perfrun.perfcollector <> - config : umask : 1
101 [140123706414848] INFO perfrun.perfcollector <> - config1 : frontend : 0
101 [140123706414848] INFO perfrun.perfcollector <> - config : cmask : 0
101 [140123706414848] INFO perfrun.perfcollector <> - format : cpu/period=0x4e20,event=0xc7,umask=0x1,name='FP_ARITH_INST_RETIRED.SCALAR_DOUBLE'/
101 [140123706414848] INFO perfrun.perfcollector <> - pmu config : cpu , m_cccrAddr : 189 , m_cccrVal : 5304c7 , m_escrAddr : ffffffff , m_escrVal : 0 , m_dataAddr : c4 , m_dataVal : ffffffffffffb1e0 , m_extPebsVal : 0 , m_adtPebsAvail : 0
101 [140123706414848] INFO perfrun.perfcollector <> - config : event : c7
101 [140123706414848] INFO perfrun.perfcollector <> - config : pc : 0
101 [140123706414848] INFO perfrun.perfcollector <> - config : edge : 0
101 [140123706414848] INFO perfrun.perfcollector <> - config : any : 0
101 [140123706414848] INFO perfrun.perfcollector <> - config1 : offcore_rsp : 0
101 [140123706414848] INFO perfrun.perfcollector <> - config1 : ldlat : 0
101 [140123706414848] INFO perfrun.perfcollector <> - config : inv : 0
101 [140123706414848] INFO perfrun.perfcollector <> - config : umask : 4
101 [140123706414848] INFO perfrun.perfcollector <> - config1 : frontend : 0
101 [140123706414848] INFO perfrun.perfcollector <> - config : cmask : 0
101 [140123706414848] INFO perfrun.perfcollector <> - format : cpu/period=0x4e20,event=0xc7,umask=0x4,name='FP_ARITH_INST_RETIRED.128B_PACKED_DOUBLE'/
101 [140123706414848] INFO perfrun.perfcollector <> - pmu config : cpu , m_cccrAddr : 186 , m_cccrVal : 5310c7 , m_escrAddr : ffffffff , m_escrVal : 0 , m_dataAddr : c1 , m_dataVal : ffffffffffffb1e0 , m_extPebsVal : 0 , m_adtPebsAvail : 0
101 [140123706414848] INFO perfrun.perfcollector <> - config : event : c7
101 [140123706414848] INFO perfrun.perfcollector <> - config : pc : 0
101 [140123706414848] INFO perfrun.perfcollector <> - config : edge : 0
101 [140123706414848] INFO perfrun.perfcollector <> - config : any : 0
101 [140123706414848] INFO perfrun.perfcollector <> - config1 : offcore_rsp : 0
101 [140123706414848] INFO perfrun.perfcollector <> - config1 : ldlat : 0
101 [140123706414848] INFO perfrun.perfcollector <> - config : inv : 0
101 [140123706414848] INFO perfrun.perfcollector <> - config : umask : 10
101 [140123706414848] INFO perfrun.perfcollector <> - config1 : frontend : 0
101 [140123706414848] INFO perfrun.perfcollector <> - config : cmask : 0
101 [140123706414848] INFO perfrun.perfcollector <> - format : cpu/period=0x4e20,event=0xc7,umask=0x10,name='FP_ARITH_INST_RETIRED.256B_PACKED_DOUBLE'/
101 [140123706414848] INFO perfrun.perfcollector <> - pmu config : cpu , m_cccrAddr : 187 , m_cccrVal : 5310b1 , m_escrAddr : ffffffff , m_escrVal : 0 , m_dataAddr : c2 , m_dataVal : ffffffffffffb1e0 , m_extPebsVal : 0 , m_adtPebsAvail : 0
101 [140123706414848] INFO perfrun.perfcollector <> - config : event : b1
101 [140123706414848] INFO perfrun.perfcollector <> - config : pc : 0
101 [140123706414848] INFO perfrun.perfcollector <> - config : edge : 0
101 [140123706414848] INFO perfrun.perfcollector <> - config : any : 0
101 [140123706414848] INFO perfrun.perfcollector <> - config1 : offcore_rsp : 0
101 [140123706414848] INFO perfrun.perfcollector <> - config1 : ldlat : 0
101 [140123706414848] INFO perfrun.perfcollector <> - config : inv : 0
101 [140123706414848] INFO perfrun.perfcollector <> - config : umask : 10
101 [140123706414848] INFO perfrun.perfcollector <> - config1 : frontend : 0
101 [140123706414848] INFO perfrun.perfcollector <> - config : cmask : 0
101 [140123706414848] INFO perfrun.perfcollector <> - format : cpu/period=0x4e20,event=0xb1,umask=0x10,name='UOPS_EXECUTED.X87'/
101 [140123706414848] INFO perfrun.perfcollector <> - pmu config : cpu , m_cccrAddr : 188 , m_cccrVal : 5301b1 , m_escrAddr : ffffffff , m_escrVal : 0 , m_dataAddr : c3 , m_dataVal : ffffffffffffb1e0 , m_extPebsVal : 0 , m_adtPebsAvail : 0
101 [140123706414848] INFO perfrun.perfcollector <> - config : event : b1
101 [140123706414848] INFO perfrun.perfcollector <> - config : pc : 0
101 [140123706414848] INFO perfrun.perfcollector <> - config : edge : 0
101 [140123706414848] INFO perfrun.perfcollector <> - config : any : 0
101 [140123706414848] INFO perfrun.perfcollector <> - config1 : offcore_rsp : 0
101 [140123706414848] INFO perfrun.perfcollector <> - config1 : ldlat : 0
101 [140123706414848] INFO perfrun.perfcollector <> - config : inv : 0
101 [140123706414848] INFO perfrun.perfcollector <> - config : umask : 1
101 [140123706414848] INFO perfrun.perfcollector <> - config1 : frontend : 0
101 [140123706414848] INFO perfrun.perfcollector <> - config : cmask : 0
101 [140123706414848] INFO perfrun.perfcollector <> - format : cpu/period=0x4e20,event=0xb1,umask=0x1,name='UOPS_EXECUTED.THREAD'/
102 [140123706414848] INFO perfrun.perfcollector <> - event: cpu/period=0x186a0,event=0x3c,name='CPU_CLK_UNHALTED.THREAD'/Duk , added for sampling
102 [140123706414848] INFO perfrun.perfcollector <> - event: cpu/period=0x186a0,umask=0x3,name='CPU_CLK_UNHALTED.REF_TSC'/Duk , added for sampling
102 [140123706414848] INFO perfrun.perfcollector <> - event: cpu/period=0x186a0,event=0xc0,name='INST_RETIRED.ANY'/Duk , added for sampling
102 [140123706414848] INFO perfrun.perfcollector <> - event: cpu/period=0x4e2,event=0x3c,umask=0x1,name='CPU_CLK_UNHALTED.REF_XCLK'/uk , added for sampling
102 [140123706414848] INFO perfrun.perfcollector <> - event: cpu/period=0x4e2,event=0x3c,umask=0x2,name='CPU_CLK_UNHALTED.ONE_THREAD_ACTIVE'/uk , added for sampling
102 [140123706414848] INFO perfrun.perfcollector <> - event: cpu/period=0x4e20,event=0xc2,umask=0x2,name='UOPS_RETIRED.RETIRE_SLOTS'/uk , added for sampling
102 [140123706414848] INFO perfrun.perfcollector <> - event: cpu/period=0x4e20,event=0xc7,umask=0x2,name='FP_ARITH_INST_RETIRED.SCALAR_SINGLE'/uk , added for sampling
102 [140123706414848] INFO perfrun.perfcollector <> - event: cpu/period=0x4e20,event=0xc7,umask=0x8,name='FP_ARITH_INST_RETIRED.128B_PACKED_SINGLE'/uk , added for sampling
102 [140123706414848] INFO perfrun.perfcollector <> - event: cpu/period=0x4e20,event=0xc7,umask=0x20,name='FP_ARITH_INST_RETIRED.256B_PACKED_SINGLE'/uk , added for sampling
102 [140123706414848] INFO perfrun.perfcollector <> - event: cpu/period=0x4e20,event=0xc7,umask=0x1,name='FP_ARITH_INST_RETIRED.SCALAR_DOUBLE'/uk , added for sampling
102 [140123706414848] INFO perfrun.perfcollector <> - event: cpu/period=0x4e20,event=0xc7,umask=0x4,name='FP_ARITH_INST_RETIRED.128B_PACKED_DOUBLE'/uk , added for sampling
102 [140123706414848] INFO perfrun.perfcollector <> - event: cpu/period=0x4e20,event=0xc7,umask=0x10,name='FP_ARITH_INST_RETIRED.256B_PACKED_DOUBLE'/uk , added for sampling
102 [140123706414848] INFO perfrun.perfcollector <> - event: cpu/period=0x4e20,event=0xb1,umask=0x10,name='UOPS_EXECUTED.X87'/uk , added for sampling
102 [140123706414848] INFO perfrun.perfcollector <> - event: cpu/period=0x4e20,event=0xb1,umask=0x1,name='UOPS_EXECUTED.THREAD'/uk , added for sampling
102 [140123687798528] INFO perfrun.perfcollector <> - Path to Perf control pipe: /tmp/amplxe-tmp-mirco/perf-pipe-18393-15369157213878
102 [140123687798528] INFO perfrun.sdk <> - runCmd: "/opt/intel/oneapi/vtune/2021.3.0/bin64/amplxe-perf" record -v --pipe "/tmp/amplxe-tmp-mirco/perf-pipe-18393-15369157213878" --pipe-sync -o "/home/mirco/Scrivania/Università/Tesi/CodeBase/EfficientConvolution/EfficientConvolution_VTune/r003hs/data.0/temp.dryrun.perf" -N -B -T -R --compression-level=1 -e cpu/period=0x186a0,event=0x3c,name='CPU_CLK_UNHALTED.THREAD'/Duk,cpu/period=0x186a0,umask=0x3,name='CPU_CLK_UNHALTED.REF_TSC'/Duk,cpu/period=0x186a0,event=0xc0,name='INST_RETIRED.ANY'/Duk,cpu/period=0x4e2,event=0x3c,umask=0x1,name='CPU_CLK_UNHALTED.REF_XCLK'/uk,cpu/period=0x4e2,event=0x3c,umask=0x2,name='CPU_CLK_UNHALTED.ONE_THREAD_ACTIVE'/uk,cpu/period=0x4e20,event=0xc2,umask=0x2,name='UOPS_RETIRED.RETIRE_SLOTS'/uk,cpu/period=0x4e20,event=0xc7,umask=0x2,name='FP_ARITH_INST_RETIRED.SCALAR_SINGLE'/uk,cpu/period=0x4e20,event=0xc7,umask=0x8,name='FP_ARITH_INST_RETIRED.128B_PACKED_SINGLE'/uk,cpu/period=0x4e20,event=0xc7,umask=0x20,name='FP_ARITH_INST_RETIRED.256B_PACKED_SINGLE'/uk,cpu/period=0x4e20,event=0xc7,umask=0x1,name='FP_ARITH_INST_RETIRED.SCALAR_DOUBLE'/uk,cpu/period=0x4e20,event=0xc7,umask=0x4,name='FP_ARITH_INST_RETIRED.128B_PACKED_DOUBLE'/uk,cpu/period=0x4e20,event=0xc7,umask=0x10,name='FP_ARITH_INST_RETIRED.256B_PACKED_DOUBLE'/uk,cpu/period=0x4e20,event=0xb1,umask=0x10,name='UOPS_EXECUTED.X87'/uk,cpu/period=0x4e20,event=0xb1,umask=0x1,name='UOPS_EXECUTED.THREAD'/uk --clockid=monotonic_raw "/opt/intel/oneapi/vtune/2021.3.0/bin64/amplxe-perf-sync" dryrun tsc
179 [140123687798528] INFO perfrun.perfcollector <> - Monitor: runCmd RC = true
180 [140123706414848] INFO perfrun.launcher <> - plugin [aoclprofile] was disabled because it doesn't support the given collection type.
180 [140123706414848] INFO perfrun.tpss <> - initialize tpss controller
180 [140123706414848] INFO perfrun.launcher <> - plugin [tpss] was disabled because it doesn't support the given collection type.
180 [140123706414848] INFO perfrun.launcher <> - plugin [exprof] was disabled because it doesn't support the given collection type.
180 [140123706414848] INFO perfrun.launcher <> - plugin [ice] was disabled because it doesn't support the given collection type.
180 [140123706414848] INFO perfrun.launcher <> - plugin [] was disabled because it doesn't support the given collection type.
180 [140123706414848] INFO perfrun.launcher <> - plugin [] was disabled because it doesn't support the given collection type.
180 [140123706414848] INFO perfrun.launcher <> - plugin [parallelfs] was disabled because it doesn't support the given collection type.
180 [140123706414848] INFO perfrun.launcher <> - plugin [power] was disabled because it doesn't support the given collection type.
180 [140123706414848] INFO perfrun.launcher <> - plugin [hwloc] was disabled because it doesn't support the given collection type.
180 [140123706414848] INFO perfrun.launcher <> - plugin [ipmwatch] was disabled because it doesn't support the given collection type.
180 [140123706414848] INFO perfrun.launcher <> - plugin [os_counters] was disabled because it doesn't support the given collection type.
180 [140123837388672] INFO perfrun.launcher <> - set environment variable: LD_LIBRARY_PATH = /opt/intel/oneapi/vtune/2021.3.0/lib32/runtime:/opt/intel/oneapi/vtune/2021.3.0/lib64/runtime:/usr/local/cuda-11.2/lib64:/usr/local/cuda-11/lib64:/usr/local/cuda/lib64:
180 [140123837388672] INFO perfrun.launcher <> - set environment variable: INTEL_LIBITTNOTIFY32 = /opt/intel/oneapi/vtune/2021.3.0/lib32/runtime/libittnotify_collector.so
180 [140123837388672] INFO perfrun.launcher <> - set environment variable: INTEL_LIBITTNOTIFY64 = /opt/intel/oneapi/vtune/2021.3.0/lib64/runtime/libittnotify_collector.so
180 [140123837388672] INFO perfrun.launcher <> - set environment variable: INTEL_ITTNOTIFY_GROUPS = 
180 [140123837388672] INFO perfrun.launcher <> - set environment variable: INTEL_JIT_PROFILER32 = /opt/intel/oneapi/vtune/2021.3.0/lib32/runtime/libittnotify_collector.so
180 [140123837388672] INFO perfrun.launcher <> - set environment variable: INTEL_JIT_PROFILER64 = /opt/intel/oneapi/vtune/2021.3.0/lib64/runtime/libittnotify_collector.so
180 [140123837388672] INFO perfrun.launcher <> - set environment variable: VS_PROFILER = libittnotify_collector.so
180 [140123837388672] INFO perfrun.launcher <> - set environment variable: OMP_TOOL_LIBRARIES = /opt/intel/oneapi/vtune/2021.3.0/lib32/runtime/libittnotify_collector.so:/opt/intel/oneapi/vtune/2021.3.0/lib64/runtime/libittnotify_collector.so
180 [140123837388672] INFO perfrun.launcher <> - set environment variable: ENABLE_JITPROFILING = 1
180 [140123837388672] INFO perfrun.launcher <> - set environment variable: CL_CONFIG_USE_VTUNE = True
180 [140123837388672] INFO perfrun.launcher <> - set environment variable: KMP_FORKJOIN_FRAMES = 0
180 [140123837388672] INFO perfrun.launcher <> - set environment variable: KMP_FORKJOIN_FRAMES_MODE = 0
180 [140123837388672] INFO perfrun.launcher <> - set environment variable: OMP_TOOL = disabled
180 [140123837388672] INFO perfrun.launcher <> - set environment variable: INTEL_MRTE_DATA_DIR = /home/mirco/Scrivania/Università/Tesi/CodeBase/EfficientConvolution/EfficientConvolution_VTune/r003hs/data.0
180 [140123837388672] INFO perfrun.launcher <> - set environment variable: INTEL_MRTE_HOST_NAME = mirco-pc
180 [140123837388672] INFO perfrun.launcher <> - set environment variable: JAVA_TOOL_OPTIONS = -agentlib:amplxe_samplingmrte_javaprof_1.0 -Dsun.boot.library.path=/opt/intel/oneapi/vtune/2021.3.0/lib32/runtime:/opt/intel/oneapi/vtune/2021.3.0/lib64/runtime
180 [140123837388672] INFO perfrun.launcher <> - set environment variable: CORECLR_ENABLE_PROFILING = 1
180 [140123837388672] INFO perfrun.launcher <> - set environment variable: CORECLR_PROFILER = {AA5E4821-E3B1-479c-B7FF-5AD047D22CED}
180 [140123837388672] INFO perfrun.launcher <> - set environment variable: CORECLR_PROFILER_PATH = /opt/intel/oneapi/vtune/2021.3.0/lib64/libamplxe_samplingmrte_clrprof_1.0.so
180 [140123837388672] INFO perfrun.launcher <> - set environment variable: INTEL_MRTE_PROFILER_MODE = mixed
180 [140123837388672] INFO perfrun.launcher <> - RpcServer: run RPC server to handle requests
180 [140123837388672] INFO perfrun.launcher <> - Launcher: command line to start before modification = /home/mirco/Scrivania/Università/Tesi/CodeBase/EfficientConvolution/bin/benchmark_Ho
180 [140123837388672] INFO perfrun.launcher <> - Launcher: command line to start after modification = /home/mirco/Scrivania/Università/Tesi/CodeBase/EfficientConvolution/bin/benchmark_Ho
181 [140123837388672] INFO perfrun.launcher <> - ProcessCreator object was created
181 [140123837388672] INFO perfrun.launcher <> - Launcher: the process was started in suspend mode
182 [140123706414848] WARN perfrun.system <> - Could not do anything with /sys/kernel/debug/kvm: boost::filesystem::status: Permission denied: "/sys/kernel/debug/kvm", at file: vcs/perfrun1/plugins/system/src/trace_writer.cpp:796
182 [140123706414848] WARN perfrun.system <> - Folder "/var/run/libvirt/qemu/"doesn't exist, at file: vcs/perfrun1/plugins/system/src/trace_writer.cpp:809
441 [140123706414848] WARN perfrun.sdk <> - Failed to find xl binary on any of the system paths: /bin, /sbin, /usr/bin, /usr/sbin., at file: vcs/perfrun1/sdk/src/utils.cpp:197
441 [140123706414848] WARN perfrun.system <> - Could not start ContainerMapping collector, at file: vcs/perfrun1/plugins/system/src/controller.cpp:464
480 [140123706414848] INFO perfrun.vdso <> - Helper runtool '/opt/intel/oneapi/vtune/2021.3.0/bin32/amplxe-runss -dump-vdso -r /home/mirco/Scrivania/Università/Tesi/CodeBase/EfficientConvolution/EfficientConvolution_VTune/r003hs --tmp-dir /tmp/amplxe-tmp-mirco' returned 0
526 [140123706414848] INFO perfrun.vdso <> - Helper runtool '/opt/intel/oneapi/vtune/2021.3.0/bin64/amplxe-runss -dump-vdso -r /home/mirco/Scrivania/Università/Tesi/CodeBase/EfficientConvolution/EfficientConvolution_VTune/r003hs --tmp-dir /tmp/amplxe-tmp-mirco' returned 0
526 [140123706414848] INFO perfrun.itt <> - start itt controller for pid #18403
526 [140123662194432] INFO perfrun.perfcollector <> - Path to Perf control pipe: /tmp/amplxe-tmp-mirco/perf-pipe-18393-15370134219094
526 [140123662194432] INFO perfrun.sdk <> - runCmd: "/opt/intel/oneapi/vtune/2021.3.0/bin64/amplxe-perf" record -v --pipe "/tmp/amplxe-tmp-mirco/perf-pipe-18393-15370134219094" --pipe-sync -o "/home/mirco/Scrivania/Università/Tesi/CodeBase/EfficientConvolution/EfficientConvolution_VTune/r003hs/data.0/18403.perf" -N -B -T -R -p 18403 --compression-level=1 --threads -e cpu/period=0x186a0,event=0x3c,name='CPU_CLK_UNHALTED.THREAD'/Duk,cpu/period=0x186a0,umask=0x3,name='CPU_CLK_UNHALTED.REF_TSC'/Duk,cpu/period=0x186a0,event=0xc0,name='INST_RETIRED.ANY'/Duk,cpu/period=0x4e2,event=0x3c,umask=0x1,name='CPU_CLK_UNHALTED.REF_XCLK'/uk,cpu/period=0x4e2,event=0x3c,umask=0x2,name='CPU_CLK_UNHALTED.ONE_THREAD_ACTIVE'/uk,cpu/period=0x4e20,event=0xc2,umask=0x2,name='UOPS_RETIRED.RETIRE_SLOTS'/uk,cpu/period=0x4e20,event=0xc7,umask=0x2,name='FP_ARITH_INST_RETIRED.SCALAR_SINGLE'/uk,cpu/period=0x4e20,event=0xc7,umask=0x8,name='FP_ARITH_INST_RETIRED.128B_PACKED_SINGLE'/uk,cpu/period=0x4e20,event=0xc7,umask=0x20,name='FP_ARITH_INST_RETIRED.256B_PACKED_SINGLE'/uk,cpu/period=0x4e20,event=0xc7,umask=0x1,name='FP_ARITH_INST_RETIRED.SCALAR_DOUBLE'/uk,cpu/period=0x4e20,event=0xc7,umask=0x4,name='FP_ARITH_INST_RETIRED.128B_PACKED_DOUBLE'/uk,cpu/period=0x4e20,event=0xc7,umask=0x10,name='FP_ARITH_INST_RETIRED.256B_PACKED_DOUBLE'/uk,cpu/period=0x4e20,event=0xb1,umask=0x10,name='UOPS_EXECUTED.X87'/uk,cpu/period=0x4e20,event=0xb1,umask=0x1,name='UOPS_EXECUTED.THREAD'/uk --clockid=monotonic_raw "/opt/intel/oneapi/vtune/2021.3.0/bin64/amplxe-perf-sync" sync tsc
561 [140123837388672] INFO perfrun.launcher <> - Launcher: all plugins were started
562 [140123837388672] INFO perfrun.launcher <> - DirectoryMonitor object was created
562 [140123837388672] INFO perfrun.launcher <> - DirectoryMonitor: a callback was added
562 [140123837388672] INFO perfrun.launcher <> - DirectoryMonitor was started with pingTime = 1000
562 [140123837388672] INFO perfrun.launcher <> - DeadlineTimer is going to be constructed
562 [140123837388672] INFO perfrun.launcher <> - DeadlineTimer: a callback was added
564 [140123837388672] INFO perfrun.launcher <> - Launcher: resume the profiled application and  wait its termination or stop command
721 [140123837388672] INFO perfrun.launcher <> - Launcher: the profiled application was terminated  with exit code = 134
727 [140123706414848] INFO perfrun.itt <> - stop itt controller
727 [140123706414848] INFO perfrun.itt <> - detach itt controller
731 [140123662194432] INFO perfrun.perfcollector <> - Monitor: runCmd RC = true
731 [140123706414848] INFO perfrun.perfcollector <> - Monitor: state = 3, error = 1
732 [140123706414848] INFO perfrun.sdk <> - De-allocating TMU: /home/mirco/Scrivania/Università/Tesi/CodeBase/EfficientConvolution/EfficientConvolution_VTune/r003hs/data.0/systemcollector-18393-mirco-pc.sc
732 [140123706414848] INFO perfrun.system <> - closed the system trace file: /home/mirco/Scrivania/Università/Tesi/CodeBase/EfficientConvolution/EfficientConvolution_VTune/r003hs/data.0/systemcollector-18393-mirco-pc.sc
732 [140123837388672] INFO perfrun.launcher <> - Launcher: all plugins were stopped.
732 [140123837388672] INFO perfrun.launcher <> - DeadlineTimer is going to be destroyed
732 [140123837388672] INFO perfrun.launcher <> - DeadlineTimer was destroyed
732 [140123837388672] INFO perfrun.launcher <> - DirectoryMonitor object was destroyed
732 [140123837388672] WARN perfrun.launcher <> - Stop command is ignored because it is received when collection is already stopped, at file: vcs/perfrun1/launcher/src/command_handler.cpp:212
732 [140123837388672] INFO perfrun.launcher <> - Application exit code: 134
732 [140123837388672] INFO perfrun.launcher <> - Exit code: 4
