callchain: type DWARF
callchain: stack dump size 1024
Using CPUID GenuineIntel-6-8E-C
Compression enabled, disabling build id collection at the end of the session.
nr_cblocks: 0
affinity: SYS
mmap flush: 1
comp level: 1
Problems creating module maps, continuing anyway...
WARNING: The use of --call-graph=dwarf may require all the user registers, specifying a subset with --user-regs may render DWARF unwinding unreliable, so the minimal registers set (IP, SP) is explicitly forced.
WARNING: The use of --call-graph=dwarf may require all the user registers, specifying a subset with --user-regs may render DWARF unwinding unreliable, so the minimal registers set (IP, SP) is explicitly forced.
WARNING: The use of --call-graph=dwarf may require all the user registers, specifying a subset with --user-regs may render DWARF unwinding unreliable, so the minimal registers set (IP, SP) is explicitly forced.
WARNING: The use of --call-graph=dwarf may require all the user registers, specifying a subset with --user-regs may render DWARF unwinding unreliable, so the minimal registers set (IP, SP) is explicitly forced.
WARNING: The use of --call-graph=dwarf may require all the user registers, specifying a subset with --user-regs may render DWARF unwinding unreliable, so the minimal registers set (IP, SP) is explicitly forced.
WARNING: The use of --call-graph=dwarf may require all the user registers, specifying a subset with --user-regs may render DWARF unwinding unreliable, so the minimal registers set (IP, SP) is explicitly forced.
WARNING: The use of --call-graph=dwarf may require all the user registers, specifying a subset with --user-regs may render DWARF unwinding unreliable, so the minimal registers set (IP, SP) is explicitly forced.
WARNING: Kernel address maps (/proc/{kallsyms,modules}) are restricted,
check /proc/sys/kernel/kptr_restrict and /proc/sys/kernel/perf_event_paranoid.

Samples in kernel functions may not be resolved if a suitable vmlinux
file is not found in the buildid cache or in the vmlinux path.

Samples in kernel modules won't be resolved at all.

If some relocation was applied (e.g. kexec) symbols may be misresolved
even with a suitable vmlinux or kallsyms file.

mmap size 528384B
thread 0 monitor: 0-7 allowed: any
Couldn't record kernel reference relocation symbol
Symbol resolution may be skewed if relocation was used (e.g. kexec).
Check /proc/kallsyms permission or run as root.
cmd_pipe: /tmp/amplxe-tmp-mirco/perf-pipe-9483-13161672034862

9491:perf-sync:ready:TSC=13161772367238
[ perf record: Woken up 1 times to write data ]
[ perf record: Captured and wrote 0,006 MB /home/mirco/Scrivania/Università/Tesi/CodeBase/EfficientConvolution/EfficientConvolution_VTune/r000tr/data.0/temp.dryrun.perf, compressed (original 0,038 MB, ratio is 8,050) ]
